<?xml version="1.0" encoding="UTF-8"?>
<!-- Generated by org.testng.reporters.JUnitXMLReporter -->
<testsuite hostname="securax2" ignored="0" name="Default test" tests="2" failures="0" timestamp="02 Mar 2018 08:28:47 GMT" time="64.338" errors="0">
  <testcase name="approveandWithdrawODByHRorAdmins" time="39.734" classname="com.samaya.qa.testcases.transactions.OnDutyPageTest"/>
  <testcase name="approveandDeclneODByHRorAdmins" time="22.987" classname="com.samaya.qa.testcases.transactions.OnDutyPageTest"/>
</testsuite> <!-- Default test -->
