<?xml version="1.0" encoding="UTF-8"?>
<!-- Generated by org.testng.reporters.JUnitXMLReporter -->
<testsuite hostname="securax2" ignored="0" name="Default test" tests="4" failures="0" timestamp="23 Nov 2017 10:15:45 GMT" time="46.56" errors="0">
  <testcase name="verifyManagePage" time="5.503" classname="com.samaya.qa.testcases.LeaveTypePageTest"/>
  <testcase name="validateLeaveType" time="11.957" classname="com.samaya.qa.testcases.LeaveTypePageTest"/>
  <testcase name="validateLeaveType" time="12.157" classname="com.samaya.qa.testcases.LeaveTypePageTest"/>
  <testcase name="logoutManageScreen" time="2.45" classname="com.samaya.qa.testcases.LeaveTypePageTest"/>
</testsuite> <!-- Default test -->
