<?xml version="1.0" encoding="UTF-8"?>
<!-- Generated by org.testng.reporters.JUnitXMLReporter -->
<testsuite hostname="securax2" ignored="0" name="Default test" tests="6" failures="0" timestamp="21 Nov 2017 16:33:11 GMT" time="56.185" errors="0">
  <testcase name="verifyDepartmentPage" time="4.537" classname="com.samaya.qa.testcases.DepartmentpageTest"/>
  <testcase name="validateDepartment" time="12.059" classname="com.samaya.qa.testcases.DepartmentpageTest"/>
  <testcase name="validateDepartment" time="12.246" classname="com.samaya.qa.testcases.DepartmentpageTest"/>
  <testcase name="validateDepartment" time="12.148" classname="com.samaya.qa.testcases.DepartmentpageTest"/>
  <testcase name="validateDepartment" time="12.033" classname="com.samaya.qa.testcases.DepartmentpageTest"/>
  <testcase name="logoutDepartmentScreen" time="2.415" classname="com.samaya.qa.testcases.DepartmentpageTest"/>
</testsuite> <!-- Default test -->
