<?xml version="1.0" encoding="UTF-8"?>
<!-- Generated by org.testng.reporters.JUnitXMLReporter -->
<testsuite hostname="securax2" ignored="0" name="Default test" tests="4" failures="0" timestamp="23 Nov 2017 12:39:57 GMT" time="46.191" errors="0">
  <testcase name="verifyDesignationPage" time="5.369" classname="com.samaya.qa.testcases.EmpTypePageTest"/>
  <testcase name="validateEmpType" time="11.871" classname="com.samaya.qa.testcases.EmpTypePageTest"/>
  <testcase name="validateEmpType" time="12.202" classname="com.samaya.qa.testcases.EmpTypePageTest"/>
  <testcase name="logoutDesignScreen" time="2.269" classname="com.samaya.qa.testcases.EmpTypePageTest"/>
</testsuite> <!-- Default test -->
