<?xml version="1.0" encoding="UTF-8"?>
<!-- Generated by org.testng.reporters.JUnitXMLReporter -->
<testsuite hostname="securax2" ignored="0" name="Default test" tests="6" failures="0" timestamp="05 Dec 2017 18:01:07 GMT" time="70.792" errors="0">
  <testcase name="verifyDepartmentPage" time="5.433" classname="com.samaya.qa.testcases.organisation.DepartmentpageTest"/>
  <testcase name="validateEmpType" time="12.083" classname="com.samaya.qa.testcases.organisation.DepartmentpageTest"/>
  <testcase name="validateEmpType" time="12.128" classname="com.samaya.qa.testcases.organisation.DepartmentpageTest"/>
  <testcase name="validateEmpType" time="12.169" classname="com.samaya.qa.testcases.organisation.DepartmentpageTest"/>
  <testcase name="validateEmpType" time="11.893" classname="com.samaya.qa.testcases.organisation.DepartmentpageTest"/>
  <testcase name="logoutDepartmentScreen" time="2.369" classname="com.samaya.qa.testcases.organisation.DepartmentpageTest"/>
</testsuite> <!-- Default test -->
