<?xml version="1.0" encoding="UTF-8"?>
<!-- Generated by org.testng.reporters.JUnitXMLReporter -->
<testsuite hostname="securax2" ignored="0" name="Default test" tests="6" failures="0" timestamp="23 Nov 2017 06:04:09 GMT" time="47.289" errors="0">
  <testcase name="verifyDesignationPage" time="5.72" classname="com.samaya.qa.testcases.DesignationPageTest"/>
  <testcase name="validateDepartment" time="6.15" classname="com.samaya.qa.testcases.DesignationPageTest"/>
  <testcase name="validateDepartment" time="6.198" classname="com.samaya.qa.testcases.DesignationPageTest"/>
  <testcase name="validateDepartment" time="6.067" classname="com.samaya.qa.testcases.DesignationPageTest"/>
  <testcase name="validateDepartment" time="6.125" classname="com.samaya.qa.testcases.DesignationPageTest"/>
  <testcase name="logoutDepartmentScreen" time="2.289" classname="com.samaya.qa.testcases.DesignationPageTest"/>
</testsuite> <!-- Default test -->
