<?xml version="1.0" encoding="UTF-8"?>
<!-- Generated by org.testng.reporters.JUnitXMLReporter -->
<testsuite hostname="securax2" ignored="0" name="Default test" tests="3" failures="0" timestamp="29 Nov 2017 06:30:00 GMT" time="22.23" errors="0">
  <testcase name="verifyDepartmentPage" time="5.533" classname="com.samaya.qa.testcases.organisation.DepartmentpageTest"/>
  <testcase name="validateDepartment" time="0.0" classname="com.samaya.qa.testcases.organisation.DepartmentpageTest">
    <skipped/>
  </testcase> <!-- validateDepartment -->
  <testcase name="logoutDepartmentScreen" time="2.202" classname="com.samaya.qa.testcases.organisation.DepartmentpageTest"/>
</testsuite> <!-- Default test -->
