<?xml version="1.0" encoding="UTF-8"?>
<!-- Generated by org.testng.reporters.JUnitXMLReporter -->
<testsuite hostname="securax2" ignored="8" name="Test1" tests="23" failures="15" timestamp="05 Dec 2017 10:34:04 GMT" time="132.255" errors="0">
  <testcase name="@AfterClass logout" time="0.0" classname="com.samaya.qa.testcases.organisation.DepartmentpageTest">
    <failure type="java.lang.NullPointerException">
      <![CDATA[java.lang.NullPointerException
	at com.samaya.qa.testcases.organisation.DepartmentpageTest.logout(DepartmentpageTest.java:64)
... Removed 25 stack frames]]>
    </failure>
  </testcase> <!-- @AfterClass logout -->
  <testcase name="@AfterClass logout" time="0.0" classname="com.samaya.qa.testcases.organisation.ManageTagPageTest">
    <failure type="java.lang.NullPointerException">
      <![CDATA[java.lang.NullPointerException
	at com.samaya.qa.testcases.organisation.ManageTagPageTest.logout(ManageTagPageTest.java:58)
... Removed 25 stack frames]]>
    </failure>
  </testcase> <!-- @AfterClass logout -->
  <testcase name="@AfterClass logout" time="0.0" classname="com.samaya.qa.testcases.organisation.LeaveTypePageTest">
    <failure type="java.lang.NullPointerException">
      <![CDATA[java.lang.NullPointerException
	at com.samaya.qa.testcases.organisation.LeaveTypePageTest.logout(LeaveTypePageTest.java:58)
... Removed 25 stack frames]]>
    </failure>
  </testcase> <!-- @AfterClass logout -->
  <testcase name="@AfterClass logout" time="0.001" classname="com.samaya.qa.testcases.organisation.EmpTypePageTest">
    <failure type="java.lang.NullPointerException">
      <![CDATA[java.lang.NullPointerException
	at com.samaya.qa.testcases.organisation.EmpTypePageTest.logout(EmpTypePageTest.java:57)
... Removed 25 stack frames]]>
    </failure>
  </testcase> <!-- @AfterClass logout -->
  <testcase name="verifyAffilitePage" time="5.29" classname="com.samaya.qa.testcases.organisation.AffiliatePageTest"/>
  <testcase name="verifyDepartmentPage" time="4.021" classname="com.samaya.qa.testcases.organisation.DepartmentpageTest">
    <failure type="org.openqa.selenium.NoSuchElementException" message="Unable to locate element: {&amp;quot;method&amp;quot;:&amp;quot;xpath&amp;quot;,&amp;quot;selector&amp;quot;:&amp;quot;html/body/app-root/div[1]/div[2]/div/app-dashboard/app-employee-dashboard/div[3]/div[1]/div/div/div[1]&amp;quot;}
Command duration or timeout: 2.14 seconds
For documentation on this error, please visit: http://seleniumhq.org/exceptions/no_such_element.html
Build info: version: &amp;apos;2.53.0&amp;apos;, revision: &amp;apos;35ae25b1534ae328c771e0856c93e187490ca824&amp;apos;, time: &amp;apos;2016-03-15 10:43:46&amp;apos;
System info: host: &amp;apos;securax2&amp;apos;, ip: &amp;apos;192.168.117.2&amp;apos;, os.name: &amp;apos;Windows 8.1&amp;apos;, os.arch: &amp;apos;x86&amp;apos;, os.version: &amp;apos;6.3&amp;apos;, java.version: &amp;apos;1.8.0_91&amp;apos;
Driver info: org.openqa.selenium.firefox.FirefoxDriver
Capabilities [{applicationCacheEnabled=true, rotatable=false, handlesAlerts=true, databaseEnabled=true, version=45.0.2, platform=WINDOWS, nativeEvents=false, acceptSslCerts=true, webStorageEnabled=true, locationContextEnabled=true, browserName=firefox, takesScreenshot=true, javascriptEnabled=true, cssSelectorsEnabled=true}]
Session ID: ee4e47ff-f883-4e6f-a0f6-70bbb26c4550
*** Element info: {Using=xpath, value=html/body/app-root/div[1]/div[2]/div/app-dashboard/app-employee-dashboard/div[3]/div[1]/div/div/div[1]}">
      <![CDATA[org.openqa.selenium.NoSuchElementException: Unable to locate element: {"method":"xpath","selector":"html/body/app-root/div[1]/div[2]/div/app-dashboard/app-employee-dashboard/div[3]/div[1]/div/div/div[1]"}
Command duration or timeout: 2.14 seconds
For documentation on this error, please visit: http://seleniumhq.org/exceptions/no_such_element.html
Build info: version: '2.53.0', revision: '35ae25b1534ae328c771e0856c93e187490ca824', time: '2016-03-15 10:43:46'
System info: host: 'securax2', ip: '192.168.117.2', os.name: 'Windows 8.1', os.arch: 'x86', os.version: '6.3', java.version: '1.8.0_91'
Driver info: org.openqa.selenium.firefox.FirefoxDriver
Capabilities [{applicationCacheEnabled=true, rotatable=false, handlesAlerts=true, databaseEnabled=true, version=45.0.2, platform=WINDOWS, nativeEvents=false, acceptSslCerts=true, webStorageEnabled=true, locationContextEnabled=true, browserName=firefox, takesScreenshot=true, javascriptEnabled=true, cssSelectorsEnabled=true}]
Session ID: ee4e47ff-f883-4e6f-a0f6-70bbb26c4550
*** Element info: {Using=xpath, value=html/body/app-root/div[1]/div[2]/div/app-dashboard/app-employee-dashboard/div[3]/div[1]/div/div/div[1]}
	at org.openqa.selenium.remote.ErrorHandler.createThrowable(ErrorHandler.java:206)
	at org.openqa.selenium.remote.ErrorHandler.throwIfResponseFailed(ErrorHandler.java:158)
	at org.openqa.selenium.remote.RemoteWebDriver.execute(RemoteWebDriver.java:678)
	at org.openqa.selenium.remote.RemoteWebDriver.findElement(RemoteWebDriver.java:363)
	at org.openqa.selenium.remote.RemoteWebDriver.findElementByXPath(RemoteWebDriver.java:500)
	at org.openqa.selenium.By$ByXPath.findElement(By.java:361)
	at org.openqa.selenium.remote.RemoteWebDriver.findElement(RemoteWebDriver.java:355)
	at com.samaya.qa.pages.organisation.HomePage.<init>(HomePage.java:61)
	at com.samaya.qa.testcases.organisation.DepartmentpageTest.verifyDepartmentPage(DepartmentpageTest.java:30)
Caused by: org.openqa.selenium.NoSuchElementException: Unable to locate element: {"method":"xpath","selector":"html/body/app-root/div[1]/div[2]/div/app-dashboard/app-employee-dashboard/div[3]/div[1]/div/div/div[1]"}
For documentation on this error, please visit: http://seleniumhq.org/exceptions/no_such_element.html
Build info: version: '2.53.0', revision: '35ae25b1534ae328c771e0856c93e187490ca824', time: '2016-03-15 10:43:46'
System info: host: 'securax2', ip: '192.168.117.2', os.name: 'Windows 8.1', os.arch: 'x86', os.version: '6.3', java.version: '1.8.0_91'
Driver info: driver.version: unknown
	at <anonymous class>.FirefoxDriver.prototype.findElementInternal_(file:///C:/Users/sec2/AppData/Local/Temp/anonymous4600854557689300148webdriver-profile/extensions/fxdriver@googlecode.com/components/driver-component.js:10770)
	at <anonymous class>.fxdriver.Timer.prototype.setTimeout/<.notify(file:///C:/Users/sec2/AppData/Local/Temp/anonymous4600854557689300148webdriver-profile/extensions/fxdriver@googlecode.com/components/driver-component.js:625)
... Removed 29 stack frames]]>
    </failure>
  </testcase> <!-- verifyDepartmentPage -->
  <testcase name="validateCreateAffiliate" time="8.872" classname="com.samaya.qa.testcases.organisation.AffiliatePageTest"/>
  <testcase name="validateCreateAffiliate" time="8.61" classname="com.samaya.qa.testcases.organisation.AffiliatePageTest"/>
  <testcase name="validateCreateAffiliate" time="8.212" classname="com.samaya.qa.testcases.organisation.AffiliatePageTest"/>
  <testcase name="validateDepartment" time="0.0" classname="com.samaya.qa.testcases.organisation.DepartmentpageTest">
    <skipped/>
  </testcase> <!-- validateDepartment -->
  <testcase name="closeCreatePage" time="2.413" classname="com.samaya.qa.testcases.organisation.AffiliatePageTest"/>
  <testcase name="logoutDepartmentScreen" time="0.003" classname="com.samaya.qa.testcases.organisation.DepartmentpageTest">
    <failure type="java.lang.NullPointerException">
      <![CDATA[java.lang.NullPointerException
	at com.samaya.qa.testcases.organisation.DepartmentpageTest.logoutDepartmentScreen(DepartmentpageTest.java:52)
... Removed 25 stack frames]]>
    </failure>
  </testcase> <!-- logoutDepartmentScreen -->
  <testcase name="verifyDesignationPage" time="4.67" classname="com.samaya.qa.testcases.organisation.DesignationPageTest"/>
  <testcase name="validateAffilatewithExceldta" time="65.245" classname="com.samaya.qa.testcases.organisation.DesignationPageTest"/>
  <testcase name="verifyManagePage" time="2.281" classname="com.samaya.qa.testcases.organisation.ManageTagPageTest">
    <failure type="org.openqa.selenium.NoSuchElementException" message="Unable to locate element: {&amp;quot;method&amp;quot;:&amp;quot;xpath&amp;quot;,&amp;quot;selector&amp;quot;:&amp;quot;html/body/app-root/div[1]/div[2]/div/app-dashboard/app-employee-dashboard/div[3]/div[1]/div/div/div[1]&amp;quot;}
Command duration or timeout: 2.08 seconds
For documentation on this error, please visit: http://seleniumhq.org/exceptions/no_such_element.html
Build info: version: &amp;apos;2.53.0&amp;apos;, revision: &amp;apos;35ae25b1534ae328c771e0856c93e187490ca824&amp;apos;, time: &amp;apos;2016-03-15 10:43:46&amp;apos;
System info: host: &amp;apos;securax2&amp;apos;, ip: &amp;apos;192.168.117.2&amp;apos;, os.name: &amp;apos;Windows 8.1&amp;apos;, os.arch: &amp;apos;x86&amp;apos;, os.version: &amp;apos;6.3&amp;apos;, java.version: &amp;apos;1.8.0_91&amp;apos;
Driver info: org.openqa.selenium.firefox.FirefoxDriver
Capabilities [{applicationCacheEnabled=true, rotatable=false, handlesAlerts=true, databaseEnabled=true, version=45.0.2, platform=WINDOWS, nativeEvents=false, acceptSslCerts=true, webStorageEnabled=true, locationContextEnabled=true, browserName=firefox, takesScreenshot=true, javascriptEnabled=true, cssSelectorsEnabled=true}]
Session ID: ee4e47ff-f883-4e6f-a0f6-70bbb26c4550
*** Element info: {Using=xpath, value=html/body/app-root/div[1]/div[2]/div/app-dashboard/app-employee-dashboard/div[3]/div[1]/div/div/div[1]}">
      <![CDATA[org.openqa.selenium.NoSuchElementException: Unable to locate element: {"method":"xpath","selector":"html/body/app-root/div[1]/div[2]/div/app-dashboard/app-employee-dashboard/div[3]/div[1]/div/div/div[1]"}
Command duration or timeout: 2.08 seconds
For documentation on this error, please visit: http://seleniumhq.org/exceptions/no_such_element.html
Build info: version: '2.53.0', revision: '35ae25b1534ae328c771e0856c93e187490ca824', time: '2016-03-15 10:43:46'
System info: host: 'securax2', ip: '192.168.117.2', os.name: 'Windows 8.1', os.arch: 'x86', os.version: '6.3', java.version: '1.8.0_91'
Driver info: org.openqa.selenium.firefox.FirefoxDriver
Capabilities [{applicationCacheEnabled=true, rotatable=false, handlesAlerts=true, databaseEnabled=true, version=45.0.2, platform=WINDOWS, nativeEvents=false, acceptSslCerts=true, webStorageEnabled=true, locationContextEnabled=true, browserName=firefox, takesScreenshot=true, javascriptEnabled=true, cssSelectorsEnabled=true}]
Session ID: ee4e47ff-f883-4e6f-a0f6-70bbb26c4550
*** Element info: {Using=xpath, value=html/body/app-root/div[1]/div[2]/div/app-dashboard/app-employee-dashboard/div[3]/div[1]/div/div/div[1]}
	at org.openqa.selenium.remote.ErrorHandler.createThrowable(ErrorHandler.java:206)
	at org.openqa.selenium.remote.ErrorHandler.throwIfResponseFailed(ErrorHandler.java:158)
	at org.openqa.selenium.remote.RemoteWebDriver.execute(RemoteWebDriver.java:678)
	at org.openqa.selenium.remote.RemoteWebDriver.findElement(RemoteWebDriver.java:363)
	at org.openqa.selenium.remote.RemoteWebDriver.findElementByXPath(RemoteWebDriver.java:500)
	at org.openqa.selenium.By$ByXPath.findElement(By.java:361)
	at org.openqa.selenium.remote.RemoteWebDriver.findElement(RemoteWebDriver.java:355)
	at com.samaya.qa.pages.organisation.HomePage.<init>(HomePage.java:61)
	at com.samaya.qa.testcases.organisation.ManageTagPageTest.verifyManagePage(ManageTagPageTest.java:26)
Caused by: org.openqa.selenium.NoSuchElementException: Unable to locate element: {"method":"xpath","selector":"html/body/app-root/div[1]/div[2]/div/app-dashboard/app-employee-dashboard/div[3]/div[1]/div/div/div[1]"}
For documentation on this error, please visit: http://seleniumhq.org/exceptions/no_such_element.html
Build info: version: '2.53.0', revision: '35ae25b1534ae328c771e0856c93e187490ca824', time: '2016-03-15 10:43:46'
System info: host: 'securax2', ip: '192.168.117.2', os.name: 'Windows 8.1', os.arch: 'x86', os.version: '6.3', java.version: '1.8.0_91'
Driver info: driver.version: unknown
	at <anonymous class>.FirefoxDriver.prototype.findElementInternal_(file:///C:/Users/sec2/AppData/Local/Temp/anonymous4600854557689300148webdriver-profile/extensions/fxdriver@googlecode.com/components/driver-component.js:10770)
	at <anonymous class>.fxdriver.Timer.prototype.setTimeout/<.notify(file:///C:/Users/sec2/AppData/Local/Temp/anonymous4600854557689300148webdriver-profile/extensions/fxdriver@googlecode.com/components/driver-component.js:625)
... Removed 29 stack frames]]>
    </failure>
  </testcase> <!-- verifyManagePage -->
  <testcase name="validateManageTag" time="0.001" classname="com.samaya.qa.testcases.organisation.ManageTagPageTest">
    <failure type="java.lang.NullPointerException">
      <![CDATA[java.lang.NullPointerException
	at com.samaya.qa.testcases.organisation.ManageTagPageTest.validateManageTag(ManageTagPageTest.java:41)
... Removed 25 stack frames]]>
    </failure>
  </testcase> <!-- validateManageTag -->
  <testcase name="validateManageTag" time="0.002" classname="com.samaya.qa.testcases.organisation.ManageTagPageTest">
    <failure type="java.lang.NullPointerException">
      <![CDATA[java.lang.NullPointerException
	at com.samaya.qa.testcases.organisation.ManageTagPageTest.validateManageTag(ManageTagPageTest.java:41)
... Removed 25 stack frames]]>
    </failure>
  </testcase> <!-- validateManageTag -->
  <testcase name="validateManageTag" time="0.001" classname="com.samaya.qa.testcases.organisation.ManageTagPageTest">
    <failure type="java.lang.NullPointerException">
      <![CDATA[java.lang.NullPointerException
	at com.samaya.qa.testcases.organisation.ManageTagPageTest.validateManageTag(ManageTagPageTest.java:41)
... Removed 25 stack frames]]>
    </failure>
  </testcase> <!-- validateManageTag -->
  <testcase name="logoutManageScreen" time="0.001" classname="com.samaya.qa.testcases.organisation.ManageTagPageTest">
    <failure type="java.lang.NullPointerException">
      <![CDATA[java.lang.NullPointerException
	at com.samaya.qa.testcases.organisation.ManageTagPageTest.logoutManageScreen(ManageTagPageTest.java:46)
... Removed 25 stack frames]]>
    </failure>
  </testcase> <!-- logoutManageScreen -->
  <testcase name="verifyManagePage" time="2.331" classname="com.samaya.qa.testcases.organisation.LeaveTypePageTest">
    <failure type="org.openqa.selenium.NoSuchElementException" message="Unable to locate element: {&amp;quot;method&amp;quot;:&amp;quot;xpath&amp;quot;,&amp;quot;selector&amp;quot;:&amp;quot;html/body/app-root/div[1]/div[2]/div/app-dashboard/app-employee-dashboard/div[3]/div[1]/div/div/div[1]&amp;quot;}
Command duration or timeout: 2.16 seconds
For documentation on this error, please visit: http://seleniumhq.org/exceptions/no_such_element.html
Build info: version: &amp;apos;2.53.0&amp;apos;, revision: &amp;apos;35ae25b1534ae328c771e0856c93e187490ca824&amp;apos;, time: &amp;apos;2016-03-15 10:43:46&amp;apos;
System info: host: &amp;apos;securax2&amp;apos;, ip: &amp;apos;192.168.117.2&amp;apos;, os.name: &amp;apos;Windows 8.1&amp;apos;, os.arch: &amp;apos;x86&amp;apos;, os.version: &amp;apos;6.3&amp;apos;, java.version: &amp;apos;1.8.0_91&amp;apos;
Driver info: org.openqa.selenium.firefox.FirefoxDriver
Capabilities [{applicationCacheEnabled=true, rotatable=false, handlesAlerts=true, databaseEnabled=true, version=45.0.2, platform=WINDOWS, nativeEvents=false, acceptSslCerts=true, webStorageEnabled=true, locationContextEnabled=true, browserName=firefox, takesScreenshot=true, javascriptEnabled=true, cssSelectorsEnabled=true}]
Session ID: ee4e47ff-f883-4e6f-a0f6-70bbb26c4550
*** Element info: {Using=xpath, value=html/body/app-root/div[1]/div[2]/div/app-dashboard/app-employee-dashboard/div[3]/div[1]/div/div/div[1]}">
      <![CDATA[org.openqa.selenium.NoSuchElementException: Unable to locate element: {"method":"xpath","selector":"html/body/app-root/div[1]/div[2]/div/app-dashboard/app-employee-dashboard/div[3]/div[1]/div/div/div[1]"}
Command duration or timeout: 2.16 seconds
For documentation on this error, please visit: http://seleniumhq.org/exceptions/no_such_element.html
Build info: version: '2.53.0', revision: '35ae25b1534ae328c771e0856c93e187490ca824', time: '2016-03-15 10:43:46'
System info: host: 'securax2', ip: '192.168.117.2', os.name: 'Windows 8.1', os.arch: 'x86', os.version: '6.3', java.version: '1.8.0_91'
Driver info: org.openqa.selenium.firefox.FirefoxDriver
Capabilities [{applicationCacheEnabled=true, rotatable=false, handlesAlerts=true, databaseEnabled=true, version=45.0.2, platform=WINDOWS, nativeEvents=false, acceptSslCerts=true, webStorageEnabled=true, locationContextEnabled=true, browserName=firefox, takesScreenshot=true, javascriptEnabled=true, cssSelectorsEnabled=true}]
Session ID: ee4e47ff-f883-4e6f-a0f6-70bbb26c4550
*** Element info: {Using=xpath, value=html/body/app-root/div[1]/div[2]/div/app-dashboard/app-employee-dashboard/div[3]/div[1]/div/div/div[1]}
	at org.openqa.selenium.remote.ErrorHandler.createThrowable(ErrorHandler.java:206)
	at org.openqa.selenium.remote.ErrorHandler.throwIfResponseFailed(ErrorHandler.java:158)
	at org.openqa.selenium.remote.RemoteWebDriver.execute(RemoteWebDriver.java:678)
	at org.openqa.selenium.remote.RemoteWebDriver.findElement(RemoteWebDriver.java:363)
	at org.openqa.selenium.remote.RemoteWebDriver.findElementByXPath(RemoteWebDriver.java:500)
	at org.openqa.selenium.By$ByXPath.findElement(By.java:361)
	at org.openqa.selenium.remote.RemoteWebDriver.findElement(RemoteWebDriver.java:355)
	at com.samaya.qa.pages.organisation.HomePage.<init>(HomePage.java:61)
	at com.samaya.qa.testcases.organisation.LeaveTypePageTest.verifyManagePage(LeaveTypePageTest.java:26)
Caused by: org.openqa.selenium.NoSuchElementException: Unable to locate element: {"method":"xpath","selector":"html/body/app-root/div[1]/div[2]/div/app-dashboard/app-employee-dashboard/div[3]/div[1]/div/div/div[1]"}
For documentation on this error, please visit: http://seleniumhq.org/exceptions/no_such_element.html
Build info: version: '2.53.0', revision: '35ae25b1534ae328c771e0856c93e187490ca824', time: '2016-03-15 10:43:46'
System info: host: 'securax2', ip: '192.168.117.2', os.name: 'Windows 8.1', os.arch: 'x86', os.version: '6.3', java.version: '1.8.0_91'
Driver info: driver.version: unknown
	at <anonymous class>.FirefoxDriver.prototype.findElementInternal_(file:///C:/Users/sec2/AppData/Local/Temp/anonymous4600854557689300148webdriver-profile/extensions/fxdriver@googlecode.com/components/driver-component.js:10770)
	at <anonymous class>.fxdriver.Timer.prototype.setTimeout/<.notify(file:///C:/Users/sec2/AppData/Local/Temp/anonymous4600854557689300148webdriver-profile/extensions/fxdriver@googlecode.com/components/driver-component.js:625)
... Removed 29 stack frames]]>
    </failure>
  </testcase> <!-- verifyManagePage -->
  <testcase name="validateLeaveType" time="0.002" classname="com.samaya.qa.testcases.organisation.LeaveTypePageTest">
    <failure type="java.lang.NullPointerException">
      <![CDATA[java.lang.NullPointerException
	at com.samaya.qa.testcases.organisation.LeaveTypePageTest.validateLeaveType(LeaveTypePageTest.java:41)
... Removed 25 stack frames]]>
    </failure>
  </testcase> <!-- validateLeaveType -->
  <testcase name="validateLeaveType" time="0.0" classname="com.samaya.qa.testcases.organisation.LeaveTypePageTest">
    <failure type="java.lang.NullPointerException">
      <![CDATA[java.lang.NullPointerException
	at com.samaya.qa.testcases.organisation.LeaveTypePageTest.validateLeaveType(LeaveTypePageTest.java:41)
... Removed 25 stack frames]]>
    </failure>
  </testcase> <!-- validateLeaveType -->
  <testcase name="logoutManageScreen" time="0.001" classname="com.samaya.qa.testcases.organisation.LeaveTypePageTest">
    <failure type="java.lang.NullPointerException">
      <![CDATA[java.lang.NullPointerException
	at com.samaya.qa.testcases.organisation.LeaveTypePageTest.logoutManageScreen(LeaveTypePageTest.java:46)
... Removed 25 stack frames]]>
    </failure>
  </testcase> <!-- logoutManageScreen -->
  <testcase name="verifyDesignationPage" time="2.24" classname="com.samaya.qa.testcases.organisation.EmpTypePageTest">
    <failure type="org.openqa.selenium.NoSuchElementException" message="Unable to locate element: {&amp;quot;method&amp;quot;:&amp;quot;xpath&amp;quot;,&amp;quot;selector&amp;quot;:&amp;quot;html/body/app-root/div[1]/div[2]/div/app-dashboard/app-employee-dashboard/div[3]/div[1]/div/div/div[1]&amp;quot;}
Command duration or timeout: 2.11 seconds
For documentation on this error, please visit: http://seleniumhq.org/exceptions/no_such_element.html
Build info: version: &amp;apos;2.53.0&amp;apos;, revision: &amp;apos;35ae25b1534ae328c771e0856c93e187490ca824&amp;apos;, time: &amp;apos;2016-03-15 10:43:46&amp;apos;
System info: host: &amp;apos;securax2&amp;apos;, ip: &amp;apos;192.168.117.2&amp;apos;, os.name: &amp;apos;Windows 8.1&amp;apos;, os.arch: &amp;apos;x86&amp;apos;, os.version: &amp;apos;6.3&amp;apos;, java.version: &amp;apos;1.8.0_91&amp;apos;
Driver info: org.openqa.selenium.firefox.FirefoxDriver
Capabilities [{applicationCacheEnabled=true, rotatable=false, handlesAlerts=true, databaseEnabled=true, version=45.0.2, platform=WINDOWS, nativeEvents=false, acceptSslCerts=true, webStorageEnabled=true, locationContextEnabled=true, browserName=firefox, takesScreenshot=true, javascriptEnabled=true, cssSelectorsEnabled=true}]
Session ID: ee4e47ff-f883-4e6f-a0f6-70bbb26c4550
*** Element info: {Using=xpath, value=html/body/app-root/div[1]/div[2]/div/app-dashboard/app-employee-dashboard/div[3]/div[1]/div/div/div[1]}">
      <![CDATA[org.openqa.selenium.NoSuchElementException: Unable to locate element: {"method":"xpath","selector":"html/body/app-root/div[1]/div[2]/div/app-dashboard/app-employee-dashboard/div[3]/div[1]/div/div/div[1]"}
Command duration or timeout: 2.11 seconds
For documentation on this error, please visit: http://seleniumhq.org/exceptions/no_such_element.html
Build info: version: '2.53.0', revision: '35ae25b1534ae328c771e0856c93e187490ca824', time: '2016-03-15 10:43:46'
System info: host: 'securax2', ip: '192.168.117.2', os.name: 'Windows 8.1', os.arch: 'x86', os.version: '6.3', java.version: '1.8.0_91'
Driver info: org.openqa.selenium.firefox.FirefoxDriver
Capabilities [{applicationCacheEnabled=true, rotatable=false, handlesAlerts=true, databaseEnabled=true, version=45.0.2, platform=WINDOWS, nativeEvents=false, acceptSslCerts=true, webStorageEnabled=true, locationContextEnabled=true, browserName=firefox, takesScreenshot=true, javascriptEnabled=true, cssSelectorsEnabled=true}]
Session ID: ee4e47ff-f883-4e6f-a0f6-70bbb26c4550
*** Element info: {Using=xpath, value=html/body/app-root/div[1]/div[2]/div/app-dashboard/app-employee-dashboard/div[3]/div[1]/div/div/div[1]}
	at org.openqa.selenium.remote.ErrorHandler.createThrowable(ErrorHandler.java:206)
	at org.openqa.selenium.remote.ErrorHandler.throwIfResponseFailed(ErrorHandler.java:158)
	at org.openqa.selenium.remote.RemoteWebDriver.execute(RemoteWebDriver.java:678)
	at org.openqa.selenium.remote.RemoteWebDriver.findElement(RemoteWebDriver.java:363)
	at org.openqa.selenium.remote.RemoteWebDriver.findElementByXPath(RemoteWebDriver.java:500)
	at org.openqa.selenium.By$ByXPath.findElement(By.java:361)
	at org.openqa.selenium.remote.RemoteWebDriver.findElement(RemoteWebDriver.java:355)
	at com.samaya.qa.pages.organisation.HomePage.<init>(HomePage.java:61)
	at com.samaya.qa.testcases.organisation.EmpTypePageTest.verifyDesignationPage(EmpTypePageTest.java:25)
Caused by: org.openqa.selenium.NoSuchElementException: Unable to locate element: {"method":"xpath","selector":"html/body/app-root/div[1]/div[2]/div/app-dashboard/app-employee-dashboard/div[3]/div[1]/div/div/div[1]"}
For documentation on this error, please visit: http://seleniumhq.org/exceptions/no_such_element.html
Build info: version: '2.53.0', revision: '35ae25b1534ae328c771e0856c93e187490ca824', time: '2016-03-15 10:43:46'
System info: host: 'securax2', ip: '192.168.117.2', os.name: 'Windows 8.1', os.arch: 'x86', os.version: '6.3', java.version: '1.8.0_91'
Driver info: driver.version: unknown
	at <anonymous class>.FirefoxDriver.prototype.findElementInternal_(file:///C:/Users/sec2/AppData/Local/Temp/anonymous4600854557689300148webdriver-profile/extensions/fxdriver@googlecode.com/components/driver-component.js:10770)
	at <anonymous class>.fxdriver.Timer.prototype.setTimeout/<.notify(file:///C:/Users/sec2/AppData/Local/Temp/anonymous4600854557689300148webdriver-profile/extensions/fxdriver@googlecode.com/components/driver-component.js:625)
... Removed 29 stack frames]]>
    </failure>
  </testcase> <!-- verifyDesignationPage -->
  <testcase name="validateEmpType" time="0.082" classname="com.samaya.qa.testcases.organisation.EmpTypePageTest">
    <failure type="java.lang.NullPointerException">
      <![CDATA[java.lang.NullPointerException
	at com.samaya.qa.testcases.organisation.EmpTypePageTest.validateEmpType(EmpTypePageTest.java:40)
... Removed 25 stack frames]]>
    </failure>
  </testcase> <!-- validateEmpType -->
  <testcase name="validateEmpType" time="0.001" classname="com.samaya.qa.testcases.organisation.EmpTypePageTest">
    <failure type="java.lang.NullPointerException">
      <![CDATA[java.lang.NullPointerException
	at com.samaya.qa.testcases.organisation.EmpTypePageTest.validateEmpType(EmpTypePageTest.java:40)
... Removed 25 stack frames]]>
    </failure>
  </testcase> <!-- validateEmpType -->
  <testcase name="logoutDesignScreen" time="0.002" classname="com.samaya.qa.testcases.organisation.EmpTypePageTest">
    <failure type="java.lang.NullPointerException">
      <![CDATA[java.lang.NullPointerException
	at com.samaya.qa.testcases.organisation.EmpTypePageTest.logoutDesignScreen(EmpTypePageTest.java:45)
... Removed 25 stack frames]]>
    </failure>
  </testcase> <!-- logoutDesignScreen -->
  <testcase name="valiateaffilateptions" time="0.0" classname="com.samaya.qa.testcases.organisation.DesignationPageTest">
    <ignored/>
  </testcase> <!-- valiateaffilateptions -->
  <testcase name="validateDesign" time="0.0" classname="com.samaya.qa.testcases.organisation.DesignationPageTest">
    <ignored/>
  </testcase> <!-- validateDesign -->
  <testcase name="@BeforeSuite setUp" time="0.0" classname="com.samaya.qa.base.TestBase">
    <ignored/>
  </testcase> <!-- @BeforeSuite setUp -->
  <testcase name="@BeforeSuite setUp" time="0.0" classname="com.samaya.qa.base.TestBase">
    <ignored/>
  </testcase> <!-- @BeforeSuite setUp -->
  <testcase name="@BeforeSuite setUp" time="0.0" classname="com.samaya.qa.base.TestBase">
    <ignored/>
  </testcase> <!-- @BeforeSuite setUp -->
  <testcase name="@BeforeSuite setUp" time="0.0" classname="com.samaya.qa.base.TestBase">
    <ignored/>
  </testcase> <!-- @BeforeSuite setUp -->
  <testcase name="@BeforeSuite setUp" time="0.0" classname="com.samaya.qa.base.TestBase">
    <ignored/>
  </testcase> <!-- @BeforeSuite setUp -->
  <testcase name="logoutDesignScreen" time="0.0" classname="com.samaya.qa.testcases.organisation.DesignationPageTest">
    <ignored/>
  </testcase> <!-- logoutDesignScreen -->
</testsuite> <!-- Test1 -->
