<?xml version="1.0" encoding="UTF-8"?>
<!-- Generated by org.testng.reporters.JUnitXMLReporter -->
<testsuite hostname="securax2" ignored="5" name="Test1" tests="27" failures="0" timestamp="29 Nov 2017 06:20:48 GMT" time="259.08" errors="0">
  <testcase name="verifyAffilitePage" time="5.062" classname="com.samaya.qa.testcases.organisation.AffiliatePageTest"/>
  <testcase name="validateCreateAffiliate" time="9.569" classname="com.samaya.qa.testcases.organisation.AffiliatePageTest"/>
  <testcase name="validateCreateAffiliate" time="7.652" classname="com.samaya.qa.testcases.organisation.AffiliatePageTest"/>
  <testcase name="validateCreateAffiliate" time="7.793" classname="com.samaya.qa.testcases.organisation.AffiliatePageTest"/>
  <testcase name="closeCreatePage" time="2.331" classname="com.samaya.qa.testcases.organisation.AffiliatePageTest"/>
  <testcase name="verifyDepartmentPage" time="4.614" classname="com.samaya.qa.testcases.organisation.DepartmentpageTest"/>
  <testcase name="validateDepartment" time="0.0" classname="com.samaya.qa.testcases.organisation.DepartmentpageTest">
    <skipped/>
  </testcase> <!-- validateDepartment -->
  <testcase name="logoutDepartmentScreen" time="2.223" classname="com.samaya.qa.testcases.organisation.DepartmentpageTest"/>
  <testcase name="verifyDesignationPage" time="4.738" classname="com.samaya.qa.testcases.organisation.DesignationPageTest"/>
  <testcase name="validateDesign" time="6.02" classname="com.samaya.qa.testcases.organisation.DesignationPageTest"/>
  <testcase name="validateDesign" time="6.159" classname="com.samaya.qa.testcases.organisation.DesignationPageTest"/>
  <testcase name="validateDesign" time="6.332" classname="com.samaya.qa.testcases.organisation.DesignationPageTest"/>
  <testcase name="validateDesign" time="6.177" classname="com.samaya.qa.testcases.organisation.DesignationPageTest"/>
  <testcase name="logoutDesignScreen" time="2.408" classname="com.samaya.qa.testcases.organisation.DesignationPageTest"/>
  <testcase name="verifyManagePage" time="4.935" classname="com.samaya.qa.testcases.organisation.ManageTagPageTest"/>
  <testcase name="validateManageTag" time="8.698" classname="com.samaya.qa.testcases.organisation.ManageTagPageTest"/>
  <testcase name="validateManageTag" time="8.746" classname="com.samaya.qa.testcases.organisation.ManageTagPageTest"/>
  <testcase name="validateManageTag" time="8.587" classname="com.samaya.qa.testcases.organisation.ManageTagPageTest"/>
  <testcase name="logoutManageScreen" time="2.386" classname="com.samaya.qa.testcases.organisation.ManageTagPageTest"/>
  <testcase name="verifyManagePage" time="5.498" classname="com.samaya.qa.testcases.organisation.LeaveTypePageTest"/>
  <testcase name="validateLeaveType" time="12.592" classname="com.samaya.qa.testcases.organisation.LeaveTypePageTest"/>
  <testcase name="validateLeaveType" time="13.187" classname="com.samaya.qa.testcases.organisation.LeaveTypePageTest"/>
  <testcase name="logoutManageScreen" time="2.608" classname="com.samaya.qa.testcases.organisation.LeaveTypePageTest"/>
  <testcase name="verifyDesignationPage" time="5.571" classname="com.samaya.qa.testcases.organisation.EmpTypePageTest"/>
  <testcase name="validateEmpType" time="12.417" classname="com.samaya.qa.testcases.organisation.EmpTypePageTest"/>
  <testcase name="validateEmpType" time="12.501" classname="com.samaya.qa.testcases.organisation.EmpTypePageTest"/>
  <testcase name="logoutDesignScreen" time="2.484" classname="com.samaya.qa.testcases.organisation.EmpTypePageTest"/>
  <testcase name="@BeforeSuite setUp" time="0.0" classname="com.samaya.qa.base.TestBase">
    <ignored/>
  </testcase> <!-- @BeforeSuite setUp -->
  <testcase name="@BeforeSuite setUp" time="0.0" classname="com.samaya.qa.base.TestBase">
    <ignored/>
  </testcase> <!-- @BeforeSuite setUp -->
  <testcase name="@BeforeSuite setUp" time="0.0" classname="com.samaya.qa.base.TestBase">
    <ignored/>
  </testcase> <!-- @BeforeSuite setUp -->
  <testcase name="@BeforeSuite setUp" time="0.0" classname="com.samaya.qa.base.TestBase">
    <ignored/>
  </testcase> <!-- @BeforeSuite setUp -->
  <testcase name="@BeforeSuite setUp" time="0.0" classname="com.samaya.qa.base.TestBase">
    <ignored/>
  </testcase> <!-- @BeforeSuite setUp -->
</testsuite> <!-- Test1 -->
