<?xml version="1.0" encoding="UTF-8"?>
<!-- Generated by org.testng.reporters.JUnitXMLReporter -->
<testsuite hostname="securax2" ignored="8" name="Test1" tests="23" failures="0" timestamp="23 Nov 2017 10:20:37 GMT" time="206.676" errors="0">
  <testcase name="verifyAffilitePage" time="3.452" classname="com.samaya.qa.testcases.AffiliatePageTest"/>
  <testcase name="validateCreateAffiliate" time="8.223" classname="com.samaya.qa.testcases.AffiliatePageTest"/>
  <testcase name="validateCreateAffiliate" time="7.419" classname="com.samaya.qa.testcases.AffiliatePageTest"/>
  <testcase name="validateCreateAffiliate" time="7.539" classname="com.samaya.qa.testcases.AffiliatePageTest"/>
  <testcase name="closeCreatePage" time="2.285" classname="com.samaya.qa.testcases.AffiliatePageTest"/>
  <testcase name="verifyDepartmentPage" time="4.895" classname="com.samaya.qa.testcases.DepartmentpageTest"/>
  <testcase name="validateDepartment" time="0.0" classname="com.samaya.qa.testcases.DepartmentpageTest">
    <skipped/>
  </testcase> <!-- validateDepartment -->
  <testcase name="logoutDepartmentScreen" time="2.446" classname="com.samaya.qa.testcases.DepartmentpageTest"/>
  <testcase name="verifyDesignationPage" time="4.882" classname="com.samaya.qa.testcases.DesignationPageTest"/>
  <testcase name="validateDesign" time="6.235" classname="com.samaya.qa.testcases.DesignationPageTest"/>
  <testcase name="validateDesign" time="6.228" classname="com.samaya.qa.testcases.DesignationPageTest"/>
  <testcase name="validateDesign" time="6.3" classname="com.samaya.qa.testcases.DesignationPageTest"/>
  <testcase name="validateDesign" time="6.398" classname="com.samaya.qa.testcases.DesignationPageTest"/>
  <testcase name="logoutDesignScreen" time="2.38" classname="com.samaya.qa.testcases.DesignationPageTest"/>
  <testcase name="verifyManagePage" time="5.117" classname="com.samaya.qa.testcases.ManageTagPageTest"/>
  <testcase name="validateManageTag" time="8.323" classname="com.samaya.qa.testcases.ManageTagPageTest"/>
  <testcase name="validateManageTag" time="8.438" classname="com.samaya.qa.testcases.ManageTagPageTest"/>
  <testcase name="validateManageTag" time="8.35" classname="com.samaya.qa.testcases.ManageTagPageTest"/>
  <testcase name="logoutManageScreen" time="2.341" classname="com.samaya.qa.testcases.ManageTagPageTest"/>
  <testcase name="verifyManagePage" time="5.806" classname="com.samaya.qa.testcases.LeaveTypePageTest"/>
  <testcase name="validateLeaveType" time="12.507" classname="com.samaya.qa.testcases.LeaveTypePageTest"/>
  <testcase name="validateLeaveType" time="12.451" classname="com.samaya.qa.testcases.LeaveTypePageTest"/>
  <testcase name="logoutManageScreen" time="2.375" classname="com.samaya.qa.testcases.LeaveTypePageTest"/>
  <testcase name="@BeforeSuite setUp" time="0.0" classname="com.samaya.qa.base.TestBase">
    <ignored/>
  </testcase> <!-- @BeforeSuite setUp -->
  <testcase name="@BeforeSuite setUp" time="0.0" classname="com.samaya.qa.base.TestBase">
    <ignored/>
  </testcase> <!-- @BeforeSuite setUp -->
  <testcase name="@BeforeSuite setUp" time="0.0" classname="com.samaya.qa.base.TestBase">
    <ignored/>
  </testcase> <!-- @BeforeSuite setUp -->
  <testcase name="@BeforeSuite setUp" time="0.0" classname="com.samaya.qa.base.TestBase">
    <ignored/>
  </testcase> <!-- @BeforeSuite setUp -->
  <testcase name="@AfterSuite tearDown" time="0.0" classname="com.samaya.qa.base.TestBase">
    <ignored/>
  </testcase> <!-- @AfterSuite tearDown -->
  <testcase name="@AfterSuite tearDown" time="0.0" classname="com.samaya.qa.base.TestBase">
    <ignored/>
  </testcase> <!-- @AfterSuite tearDown -->
  <testcase name="@AfterSuite tearDown" time="0.0" classname="com.samaya.qa.base.TestBase">
    <ignored/>
  </testcase> <!-- @AfterSuite tearDown -->
  <testcase name="@AfterSuite tearDown" time="0.0" classname="com.samaya.qa.base.TestBase">
    <ignored/>
  </testcase> <!-- @AfterSuite tearDown -->
</testsuite> <!-- Test1 -->
