<?xml version="1.0" encoding="UTF-8"?>
<!-- Generated by org.testng.reporters.JUnitXMLReporter -->
<testsuite hostname="securax2" ignored="2" name="Test1" tests="11" failures="0" timestamp="21 Nov 2017 18:31:58 GMT" time="114.559" errors="0">
  <testcase name="verifyAffilitePage" time="3.153" classname="com.samaya.qa.testcases.AffiliatePageTest"/>
  <testcase name="validateCreateAffiliate" time="9.477" classname="com.samaya.qa.testcases.AffiliatePageTest"/>
  <testcase name="validateCreateAffiliate" time="7.508" classname="com.samaya.qa.testcases.AffiliatePageTest"/>
  <testcase name="validateCreateAffiliate" time="7.562" classname="com.samaya.qa.testcases.AffiliatePageTest"/>
  <testcase name="closeCreatePage" time="2.311" classname="com.samaya.qa.testcases.AffiliatePageTest"/>
  <testcase name="verifyDepartmentPage" time="4.752" classname="com.samaya.qa.testcases.DepartmentpageTest"/>
  <testcase name="validateDepartment" time="11.984" classname="com.samaya.qa.testcases.DepartmentpageTest"/>
  <testcase name="validateDepartment" time="12.032" classname="com.samaya.qa.testcases.DepartmentpageTest"/>
  <testcase name="validateDepartment" time="11.916" classname="com.samaya.qa.testcases.DepartmentpageTest"/>
  <testcase name="validateDepartment" time="11.845" classname="com.samaya.qa.testcases.DepartmentpageTest"/>
  <testcase name="logoutDepartmentScreen" time="2.285" classname="com.samaya.qa.testcases.DepartmentpageTest"/>
  <testcase name="@BeforeSuite setUp" time="0.0" classname="com.samaya.qa.base.TestBase">
    <ignored/>
  </testcase> <!-- @BeforeSuite setUp -->
  <testcase name="@AfterSuite tearDown" time="0.0" classname="com.samaya.qa.base.TestBase">
    <ignored/>
  </testcase> <!-- @AfterSuite tearDown -->
</testsuite> <!-- Test1 -->
