<?xml version="1.0" encoding="UTF-8"?>
<!-- Generated by org.testng.reporters.JUnitXMLReporter -->
<testsuite hostname="securax2" ignored="6" name="Test1" tests="19" failures="6" timestamp="23 Nov 2017 05:56:32 GMT" time="101.219" errors="0">
  <testcase name="@AfterClass logout" time="0.162" classname="com.samaya.qa.testcases.DesignationPageTest">
    <failure type="org.openqa.selenium.WebDriverException" message="Element is not clickable at point (1311.433349609375, 34.71665954589844). Other element would receive the click: &amp;lt;div class=&amp;quot;toast show&amp;quot; _ngcontent-c17=&amp;quot;&amp;quot;&amp;gt;&amp;lt;/div&amp;gt;
Command duration or timeout: 122 milliseconds
Build info: version: &amp;apos;2.53.0&amp;apos;, revision: &amp;apos;35ae25b1534ae328c771e0856c93e187490ca824&amp;apos;, time: &amp;apos;2016-03-15 10:43:46&amp;apos;
System info: host: &amp;apos;securax2&amp;apos;, ip: &amp;apos;192.168.117.2&amp;apos;, os.name: &amp;apos;Windows 8.1&amp;apos;, os.arch: &amp;apos;x86&amp;apos;, os.version: &amp;apos;6.3&amp;apos;, java.version: &amp;apos;1.8.0_91&amp;apos;
Driver info: org.openqa.selenium.firefox.FirefoxDriver
Capabilities [{applicationCacheEnabled=true, rotatable=false, handlesAlerts=true, databaseEnabled=true, version=45.0.2, platform=WINDOWS, nativeEvents=false, acceptSslCerts=true, webStorageEnabled=true, locationContextEnabled=true, browserName=firefox, takesScreenshot=true, javascriptEnabled=true, cssSelectorsEnabled=true}]
Session ID: d8706373-7d68-4584-9b22-790bcea08cfa">
      <![CDATA[org.openqa.selenium.WebDriverException: Element is not clickable at point (1311.433349609375, 34.71665954589844). Other element would receive the click: <div class="toast show" _ngcontent-c17=""></div>
Command duration or timeout: 122 milliseconds
Build info: version: '2.53.0', revision: '35ae25b1534ae328c771e0856c93e187490ca824', time: '2016-03-15 10:43:46'
System info: host: 'securax2', ip: '192.168.117.2', os.name: 'Windows 8.1', os.arch: 'x86', os.version: '6.3', java.version: '1.8.0_91'
Driver info: org.openqa.selenium.firefox.FirefoxDriver
Capabilities [{applicationCacheEnabled=true, rotatable=false, handlesAlerts=true, databaseEnabled=true, version=45.0.2, platform=WINDOWS, nativeEvents=false, acceptSslCerts=true, webStorageEnabled=true, locationContextEnabled=true, browserName=firefox, takesScreenshot=true, javascriptEnabled=true, cssSelectorsEnabled=true}]
Session ID: d8706373-7d68-4584-9b22-790bcea08cfa
	at org.openqa.selenium.remote.ErrorHandler.createThrowable(ErrorHandler.java:206)
	at org.openqa.selenium.remote.ErrorHandler.throwIfResponseFailed(ErrorHandler.java:158)
	at org.openqa.selenium.remote.RemoteWebDriver.execute(RemoteWebDriver.java:678)
	at org.openqa.selenium.remote.RemoteWebElement.execute(RemoteWebElement.java:327)
	at org.openqa.selenium.remote.RemoteWebElement.click(RemoteWebElement.java:85)
	at org.openqa.selenium.support.pagefactory.internal.LocatingElementHandler.invoke(LocatingElementHandler.java:51)
	at com.sun.proxy.$Proxy10.click(Unknown Source)
	at com.samaya.qa.pages.HomePage.clickUsername(HomePage.java:165)
	at com.samaya.qa.testcases.DesignationPageTest.logout(DesignationPageTest.java:58)
... Removed 32 stack frames]]>
    </failure>
  </testcase> <!-- @AfterClass logout -->
  <testcase name="@AfterClass logout" time="0.171" classname="com.samaya.qa.testcases.ManageTagPageTest">
    <failure type="org.openqa.selenium.WebDriverException" message="Element is not clickable at point (1311.433349609375, 34.71665954589844). Other element would receive the click: &amp;lt;div class=&amp;quot;col-xs-12 height-50px vertical-center space-between border-bottom&amp;quot; _ngcontent-c20=&amp;quot;&amp;quot;&amp;gt;&amp;lt;/div&amp;gt;
Command duration or timeout: 124 milliseconds
Build info: version: &amp;apos;2.53.0&amp;apos;, revision: &amp;apos;35ae25b1534ae328c771e0856c93e187490ca824&amp;apos;, time: &amp;apos;2016-03-15 10:43:46&amp;apos;
System info: host: &amp;apos;securax2&amp;apos;, ip: &amp;apos;192.168.117.2&amp;apos;, os.name: &amp;apos;Windows 8.1&amp;apos;, os.arch: &amp;apos;x86&amp;apos;, os.version: &amp;apos;6.3&amp;apos;, java.version: &amp;apos;1.8.0_91&amp;apos;
Driver info: org.openqa.selenium.firefox.FirefoxDriver
Capabilities [{applicationCacheEnabled=true, rotatable=false, handlesAlerts=true, databaseEnabled=true, version=45.0.2, platform=WINDOWS, nativeEvents=false, acceptSslCerts=true, webStorageEnabled=true, locationContextEnabled=true, browserName=firefox, takesScreenshot=true, javascriptEnabled=true, cssSelectorsEnabled=true}]
Session ID: d8706373-7d68-4584-9b22-790bcea08cfa">
      <![CDATA[org.openqa.selenium.WebDriverException: Element is not clickable at point (1311.433349609375, 34.71665954589844). Other element would receive the click: <div class="col-xs-12 height-50px vertical-center space-between border-bottom" _ngcontent-c20=""></div>
Command duration or timeout: 124 milliseconds
Build info: version: '2.53.0', revision: '35ae25b1534ae328c771e0856c93e187490ca824', time: '2016-03-15 10:43:46'
System info: host: 'securax2', ip: '192.168.117.2', os.name: 'Windows 8.1', os.arch: 'x86', os.version: '6.3', java.version: '1.8.0_91'
Driver info: org.openqa.selenium.firefox.FirefoxDriver
Capabilities [{applicationCacheEnabled=true, rotatable=false, handlesAlerts=true, databaseEnabled=true, version=45.0.2, platform=WINDOWS, nativeEvents=false, acceptSslCerts=true, webStorageEnabled=true, locationContextEnabled=true, browserName=firefox, takesScreenshot=true, javascriptEnabled=true, cssSelectorsEnabled=true}]
Session ID: d8706373-7d68-4584-9b22-790bcea08cfa
	at org.openqa.selenium.remote.ErrorHandler.createThrowable(ErrorHandler.java:206)
	at org.openqa.selenium.remote.ErrorHandler.throwIfResponseFailed(ErrorHandler.java:158)
	at org.openqa.selenium.remote.RemoteWebDriver.execute(RemoteWebDriver.java:678)
	at org.openqa.selenium.remote.RemoteWebElement.execute(RemoteWebElement.java:327)
	at org.openqa.selenium.remote.RemoteWebElement.click(RemoteWebElement.java:85)
	at org.openqa.selenium.support.pagefactory.internal.LocatingElementHandler.invoke(LocatingElementHandler.java:51)
	at com.sun.proxy.$Proxy10.click(Unknown Source)
	at com.samaya.qa.pages.HomePage.clickUsername(HomePage.java:165)
	at com.samaya.qa.testcases.ManageTagPageTest.logout(ManageTagPageTest.java:58)
... Removed 32 stack frames]]>
    </failure>
  </testcase> <!-- @AfterClass logout -->
  <testcase name="verifyAffilitePage" time="3.138" classname="com.samaya.qa.testcases.AffiliatePageTest"/>
  <testcase name="validateCreateAffiliate" time="9.1" classname="com.samaya.qa.testcases.AffiliatePageTest"/>
  <testcase name="validateCreateAffiliate" time="7.484" classname="com.samaya.qa.testcases.AffiliatePageTest"/>
  <testcase name="validateCreateAffiliate" time="7.444" classname="com.samaya.qa.testcases.AffiliatePageTest"/>
  <testcase name="closeCreatePage" time="2.442" classname="com.samaya.qa.testcases.AffiliatePageTest"/>
  <testcase name="verifyDepartmentPage" time="4.949" classname="com.samaya.qa.testcases.DepartmentpageTest"/>
  <testcase name="validateDepartment" time="0.0" classname="com.samaya.qa.testcases.DepartmentpageTest">
    <skipped/>
  </testcase> <!-- validateDepartment -->
  <testcase name="logoutDepartmentScreen" time="2.325" classname="com.samaya.qa.testcases.DepartmentpageTest"/>
  <testcase name="verifyDesignationPage" time="4.971" classname="com.samaya.qa.testcases.DesignationPageTest"/>
  <testcase name="validateDepartment" time="6.053" classname="com.samaya.qa.testcases.DesignationPageTest"/>
  <testcase name="validateDepartment" time="6.105" classname="com.samaya.qa.testcases.DesignationPageTest"/>
  <testcase name="validateDepartment" time="6.177" classname="com.samaya.qa.testcases.DesignationPageTest"/>
  <testcase name="validateDepartment" time="6.208" classname="com.samaya.qa.testcases.DesignationPageTest"/>
  <testcase name="logoutDepartmentScreen" time="2.098" classname="com.samaya.qa.testcases.DesignationPageTest">
    <failure type="org.openqa.selenium.NoSuchElementException" message="Unable to locate element: {&amp;quot;method&amp;quot;:&amp;quot;xpath&amp;quot;,&amp;quot;selector&amp;quot;:&amp;quot;//*[@id=&amp;apos;appContentContainer&amp;apos;]/div/app-designation-search/app-designation-detail/div/div[1]/button&amp;quot;}
Command duration or timeout: 2.09 seconds
For documentation on this error, please visit: http://seleniumhq.org/exceptions/no_such_element.html
Build info: version: &amp;apos;2.53.0&amp;apos;, revision: &amp;apos;35ae25b1534ae328c771e0856c93e187490ca824&amp;apos;, time: &amp;apos;2016-03-15 10:43:46&amp;apos;
System info: host: &amp;apos;securax2&amp;apos;, ip: &amp;apos;192.168.117.2&amp;apos;, os.name: &amp;apos;Windows 8.1&amp;apos;, os.arch: &amp;apos;x86&amp;apos;, os.version: &amp;apos;6.3&amp;apos;, java.version: &amp;apos;1.8.0_91&amp;apos;
Driver info: org.openqa.selenium.firefox.FirefoxDriver
Capabilities [{applicationCacheEnabled=true, rotatable=false, handlesAlerts=true, databaseEnabled=true, version=45.0.2, platform=WINDOWS, nativeEvents=false, acceptSslCerts=true, webStorageEnabled=true, locationContextEnabled=true, browserName=firefox, takesScreenshot=true, javascriptEnabled=true, cssSelectorsEnabled=true}]
Session ID: d8706373-7d68-4584-9b22-790bcea08cfa
*** Element info: {Using=xpath, value=//*[@id=&amp;apos;appContentContainer&amp;apos;]/div/app-designation-search/app-designation-detail/div/div[1]/button}">
      <![CDATA[org.openqa.selenium.NoSuchElementException: Unable to locate element: {"method":"xpath","selector":"//*[@id='appContentContainer']/div/app-designation-search/app-designation-detail/div/div[1]/button"}
Command duration or timeout: 2.09 seconds
For documentation on this error, please visit: http://seleniumhq.org/exceptions/no_such_element.html
Build info: version: '2.53.0', revision: '35ae25b1534ae328c771e0856c93e187490ca824', time: '2016-03-15 10:43:46'
System info: host: 'securax2', ip: '192.168.117.2', os.name: 'Windows 8.1', os.arch: 'x86', os.version: '6.3', java.version: '1.8.0_91'
Driver info: org.openqa.selenium.firefox.FirefoxDriver
Capabilities [{applicationCacheEnabled=true, rotatable=false, handlesAlerts=true, databaseEnabled=true, version=45.0.2, platform=WINDOWS, nativeEvents=false, acceptSslCerts=true, webStorageEnabled=true, locationContextEnabled=true, browserName=firefox, takesScreenshot=true, javascriptEnabled=true, cssSelectorsEnabled=true}]
Session ID: d8706373-7d68-4584-9b22-790bcea08cfa
*** Element info: {Using=xpath, value=//*[@id='appContentContainer']/div/app-designation-search/app-designation-detail/div/div[1]/button}
	at org.openqa.selenium.remote.ErrorHandler.createThrowable(ErrorHandler.java:206)
	at org.openqa.selenium.remote.ErrorHandler.throwIfResponseFailed(ErrorHandler.java:158)
	at org.openqa.selenium.remote.RemoteWebDriver.execute(RemoteWebDriver.java:678)
	at org.openqa.selenium.remote.RemoteWebDriver.findElement(RemoteWebDriver.java:363)
	at org.openqa.selenium.remote.RemoteWebDriver.findElementByXPath(RemoteWebDriver.java:500)
	at org.openqa.selenium.By$ByXPath.findElement(By.java:361)
	at org.openqa.selenium.remote.RemoteWebDriver.findElement(RemoteWebDriver.java:355)
	at org.openqa.selenium.support.pagefactory.DefaultElementLocator.findElement(DefaultElementLocator.java:69)
	at org.openqa.selenium.support.pagefactory.internal.LocatingElementHandler.invoke(LocatingElementHandler.java:38)
	at com.sun.proxy.$Proxy10.click(Unknown Source)
	at com.samaya.qa.pages.DesignationPage.closeDesignPage(DesignationPage.java:47)
	at com.samaya.qa.testcases.DesignationPageTest.logoutDepartmentScreen(DesignationPageTest.java:46)
Caused by: org.openqa.selenium.NoSuchElementException: Unable to locate element: {"method":"xpath","selector":"//*[@id='appContentContainer']/div/app-designation-search/app-designation-detail/div/div[1]/button"}
For documentation on this error, please visit: http://seleniumhq.org/exceptions/no_such_element.html
Build info: version: '2.53.0', revision: '35ae25b1534ae328c771e0856c93e187490ca824', time: '2016-03-15 10:43:46'
System info: host: 'securax2', ip: '192.168.117.2', os.name: 'Windows 8.1', os.arch: 'x86', os.version: '6.3', java.version: '1.8.0_91'
Driver info: driver.version: unknown
	at <anonymous class>.FirefoxDriver.prototype.findElementInternal_(file:///C:/Users/sec2/AppData/Local/Temp/anonymous3010365571699464046webdriver-profile/extensions/fxdriver@googlecode.com/components/driver-component.js:10770)
	at <anonymous class>.fxdriver.Timer.prototype.setTimeout/<.notify(file:///C:/Users/sec2/AppData/Local/Temp/anonymous3010365571699464046webdriver-profile/extensions/fxdriver@googlecode.com/components/driver-component.js:625)
... Removed 29 stack frames]]>
    </failure>
  </testcase> <!-- logoutDepartmentScreen -->
  <testcase name="verifyAffilitePage" time="2.23" classname="com.samaya.qa.testcases.ManageTagPageTest">
    <failure type="org.openqa.selenium.WebDriverException" message="Element is not clickable at point (88, 144.71665954589844). Other element would receive the click: &amp;lt;app-department-details style=&amp;quot;position: fixed; top: 0px; left: 0px; right: 0px; bottom: 0px; background-color: rgba(0, 0, 0, 0.8); z-index: 99;&amp;quot; class=&amp;quot;ng-tns-c20-2 ng-trigger ng-trigger-slideInOutAnimation&amp;quot; _nghost-c20=&amp;quot;&amp;quot;&amp;gt;&amp;lt;/app-department-details&amp;gt;
Command duration or timeout: 123 milliseconds
Build info: version: &amp;apos;2.53.0&amp;apos;, revision: &amp;apos;35ae25b1534ae328c771e0856c93e187490ca824&amp;apos;, time: &amp;apos;2016-03-15 10:43:46&amp;apos;
System info: host: &amp;apos;securax2&amp;apos;, ip: &amp;apos;192.168.117.2&amp;apos;, os.name: &amp;apos;Windows 8.1&amp;apos;, os.arch: &amp;apos;x86&amp;apos;, os.version: &amp;apos;6.3&amp;apos;, java.version: &amp;apos;1.8.0_91&amp;apos;
Driver info: org.openqa.selenium.firefox.FirefoxDriver
Capabilities [{applicationCacheEnabled=true, rotatable=false, handlesAlerts=true, databaseEnabled=true, version=45.0.2, platform=WINDOWS, nativeEvents=false, acceptSslCerts=true, webStorageEnabled=true, locationContextEnabled=true, browserName=firefox, takesScreenshot=true, javascriptEnabled=true, cssSelectorsEnabled=true}]
Session ID: d8706373-7d68-4584-9b22-790bcea08cfa">
      <![CDATA[org.openqa.selenium.WebDriverException: Element is not clickable at point (88, 144.71665954589844). Other element would receive the click: <app-department-details style="position: fixed; top: 0px; left: 0px; right: 0px; bottom: 0px; background-color: rgba(0, 0, 0, 0.8); z-index: 99;" class="ng-tns-c20-2 ng-trigger ng-trigger-slideInOutAnimation" _nghost-c20=""></app-department-details>
Command duration or timeout: 123 milliseconds
Build info: version: '2.53.0', revision: '35ae25b1534ae328c771e0856c93e187490ca824', time: '2016-03-15 10:43:46'
System info: host: 'securax2', ip: '192.168.117.2', os.name: 'Windows 8.1', os.arch: 'x86', os.version: '6.3', java.version: '1.8.0_91'
Driver info: org.openqa.selenium.firefox.FirefoxDriver
Capabilities [{applicationCacheEnabled=true, rotatable=false, handlesAlerts=true, databaseEnabled=true, version=45.0.2, platform=WINDOWS, nativeEvents=false, acceptSslCerts=true, webStorageEnabled=true, locationContextEnabled=true, browserName=firefox, takesScreenshot=true, javascriptEnabled=true, cssSelectorsEnabled=true}]
Session ID: d8706373-7d68-4584-9b22-790bcea08cfa
	at org.openqa.selenium.remote.ErrorHandler.createThrowable(ErrorHandler.java:206)
	at org.openqa.selenium.remote.ErrorHandler.throwIfResponseFailed(ErrorHandler.java:158)
	at org.openqa.selenium.remote.RemoteWebDriver.execute(RemoteWebDriver.java:678)
	at org.openqa.selenium.remote.RemoteWebElement.execute(RemoteWebElement.java:327)
	at org.openqa.selenium.remote.RemoteWebElement.click(RemoteWebElement.java:85)
	at org.openqa.selenium.support.pagefactory.internal.LocatingElementHandler.invoke(LocatingElementHandler.java:51)
	at com.sun.proxy.$Proxy10.click(Unknown Source)
	at com.samaya.qa.pages.HomePage.clickOnOrganisation(HomePage.java:70)
	at com.samaya.qa.testcases.ManageTagPageTest.verifyAffilitePage(ManageTagPageTest.java:28)
... Removed 32 stack frames]]>
    </failure>
  </testcase> <!-- verifyAffilitePage -->
  <testcase name="validateManageTag" time="0.001" classname="com.samaya.qa.testcases.ManageTagPageTest">
    <failure type="java.lang.NullPointerException">
      <![CDATA[java.lang.NullPointerException
	at com.samaya.qa.testcases.ManageTagPageTest.validateManageTag(ManageTagPageTest.java:41)
... Removed 25 stack frames]]>
    </failure>
  </testcase> <!-- validateManageTag -->
  <testcase name="validateManageTag" time="0.001" classname="com.samaya.qa.testcases.ManageTagPageTest">
    <failure type="java.lang.NullPointerException">
      <![CDATA[java.lang.NullPointerException
	at com.samaya.qa.testcases.ManageTagPageTest.validateManageTag(ManageTagPageTest.java:41)
... Removed 25 stack frames]]>
    </failure>
  </testcase> <!-- validateManageTag -->
  <testcase name="validateManageTag" time="0.001" classname="com.samaya.qa.testcases.ManageTagPageTest">
    <failure type="java.lang.NullPointerException">
      <![CDATA[java.lang.NullPointerException
	at com.samaya.qa.testcases.ManageTagPageTest.validateManageTag(ManageTagPageTest.java:41)
... Removed 25 stack frames]]>
    </failure>
  </testcase> <!-- validateManageTag -->
  <testcase name="logoutDepartmentScreen" time="0.001" classname="com.samaya.qa.testcases.ManageTagPageTest">
    <failure type="java.lang.NullPointerException">
      <![CDATA[java.lang.NullPointerException
	at com.samaya.qa.testcases.ManageTagPageTest.logoutDepartmentScreen(ManageTagPageTest.java:46)
... Removed 25 stack frames]]>
    </failure>
  </testcase> <!-- logoutDepartmentScreen -->
  <testcase name="@BeforeSuite setUp" time="0.0" classname="com.samaya.qa.base.TestBase">
    <ignored/>
  </testcase> <!-- @BeforeSuite setUp -->
  <testcase name="@BeforeSuite setUp" time="0.0" classname="com.samaya.qa.base.TestBase">
    <ignored/>
  </testcase> <!-- @BeforeSuite setUp -->
  <testcase name="@BeforeSuite setUp" time="0.0" classname="com.samaya.qa.base.TestBase">
    <ignored/>
  </testcase> <!-- @BeforeSuite setUp -->
  <testcase name="@AfterSuite tearDown" time="0.0" classname="com.samaya.qa.base.TestBase">
    <ignored/>
  </testcase> <!-- @AfterSuite tearDown -->
  <testcase name="@AfterSuite tearDown" time="0.0" classname="com.samaya.qa.base.TestBase">
    <ignored/>
  </testcase> <!-- @AfterSuite tearDown -->
  <testcase name="@AfterSuite tearDown" time="0.0" classname="com.samaya.qa.base.TestBase">
    <ignored/>
  </testcase> <!-- @AfterSuite tearDown -->
</testsuite> <!-- Test1 -->
