<?xml version="1.0" encoding="UTF-8"?>
<!-- Generated by org.testng.reporters.JUnitXMLReporter -->
<testsuite hostname="securax2" ignored="10" name="Test1" tests="27" failures="0" timestamp="23 Nov 2017 12:45:09 GMT" time="257.169" errors="0">
  <testcase name="verifyAffilitePage" time="3.15" classname="com.samaya.qa.testcases.AffiliatePageTest"/>
  <testcase name="validateCreateAffiliate" time="8.957" classname="com.samaya.qa.testcases.AffiliatePageTest"/>
  <testcase name="validateCreateAffiliate" time="7.8" classname="com.samaya.qa.testcases.AffiliatePageTest"/>
  <testcase name="validateCreateAffiliate" time="7.895" classname="com.samaya.qa.testcases.AffiliatePageTest"/>
  <testcase name="closeCreatePage" time="2.576" classname="com.samaya.qa.testcases.AffiliatePageTest"/>
  <testcase name="verifyDepartmentPage" time="5.628" classname="com.samaya.qa.testcases.DepartmentpageTest"/>
  <testcase name="validateDepartment" time="0.0" classname="com.samaya.qa.testcases.DepartmentpageTest">
    <skipped/>
  </testcase> <!-- validateDepartment -->
  <testcase name="logoutDepartmentScreen" time="2.326" classname="com.samaya.qa.testcases.DepartmentpageTest"/>
  <testcase name="verifyDesignationPage" time="5.002" classname="com.samaya.qa.testcases.DesignationPageTest"/>
  <testcase name="validateDesign" time="5.93" classname="com.samaya.qa.testcases.DesignationPageTest"/>
  <testcase name="validateDesign" time="5.945" classname="com.samaya.qa.testcases.DesignationPageTest"/>
  <testcase name="validateDesign" time="6.008" classname="com.samaya.qa.testcases.DesignationPageTest"/>
  <testcase name="validateDesign" time="6.016" classname="com.samaya.qa.testcases.DesignationPageTest"/>
  <testcase name="logoutDesignScreen" time="2.319" classname="com.samaya.qa.testcases.DesignationPageTest"/>
  <testcase name="verifyManagePage" time="5.135" classname="com.samaya.qa.testcases.ManageTagPageTest"/>
  <testcase name="validateManageTag" time="8.655" classname="com.samaya.qa.testcases.ManageTagPageTest"/>
  <testcase name="validateManageTag" time="8.731" classname="com.samaya.qa.testcases.ManageTagPageTest"/>
  <testcase name="validateManageTag" time="8.618" classname="com.samaya.qa.testcases.ManageTagPageTest"/>
  <testcase name="logoutManageScreen" time="2.49" classname="com.samaya.qa.testcases.ManageTagPageTest"/>
  <testcase name="verifyManagePage" time="5.78" classname="com.samaya.qa.testcases.LeaveTypePageTest"/>
  <testcase name="validateLeaveType" time="12.749" classname="com.samaya.qa.testcases.LeaveTypePageTest"/>
  <testcase name="validateLeaveType" time="12.426" classname="com.samaya.qa.testcases.LeaveTypePageTest"/>
  <testcase name="logoutManageScreen" time="2.401" classname="com.samaya.qa.testcases.LeaveTypePageTest"/>
  <testcase name="verifyDesignationPage" time="5.402" classname="com.samaya.qa.testcases.EmpTypePageTest"/>
  <testcase name="validateEmpType" time="12.473" classname="com.samaya.qa.testcases.EmpTypePageTest"/>
  <testcase name="validateEmpType" time="12.804" classname="com.samaya.qa.testcases.EmpTypePageTest"/>
  <testcase name="logoutDesignScreen" time="2.56" classname="com.samaya.qa.testcases.EmpTypePageTest"/>
  <testcase name="@BeforeSuite setUp" time="0.0" classname="com.samaya.qa.base.TestBase">
    <ignored/>
  </testcase> <!-- @BeforeSuite setUp -->
  <testcase name="@BeforeSuite setUp" time="0.0" classname="com.samaya.qa.base.TestBase">
    <ignored/>
  </testcase> <!-- @BeforeSuite setUp -->
  <testcase name="@BeforeSuite setUp" time="0.0" classname="com.samaya.qa.base.TestBase">
    <ignored/>
  </testcase> <!-- @BeforeSuite setUp -->
  <testcase name="@BeforeSuite setUp" time="0.0" classname="com.samaya.qa.base.TestBase">
    <ignored/>
  </testcase> <!-- @BeforeSuite setUp -->
  <testcase name="@BeforeSuite setUp" time="0.0" classname="com.samaya.qa.base.TestBase">
    <ignored/>
  </testcase> <!-- @BeforeSuite setUp -->
  <testcase name="@AfterSuite tearDown" time="0.0" classname="com.samaya.qa.base.TestBase">
    <ignored/>
  </testcase> <!-- @AfterSuite tearDown -->
  <testcase name="@AfterSuite tearDown" time="0.0" classname="com.samaya.qa.base.TestBase">
    <ignored/>
  </testcase> <!-- @AfterSuite tearDown -->
  <testcase name="@AfterSuite tearDown" time="0.0" classname="com.samaya.qa.base.TestBase">
    <ignored/>
  </testcase> <!-- @AfterSuite tearDown -->
  <testcase name="@AfterSuite tearDown" time="0.0" classname="com.samaya.qa.base.TestBase">
    <ignored/>
  </testcase> <!-- @AfterSuite tearDown -->
  <testcase name="@AfterSuite tearDown" time="0.0" classname="com.samaya.qa.base.TestBase">
    <ignored/>
  </testcase> <!-- @AfterSuite tearDown -->
</testsuite> <!-- Test1 -->
