<?xml version="1.0" encoding="UTF-8"?>
<testng-results skipped="0" failed="1" ignored="0" total="1" passed="0">
  <reporter-output>
  </reporter-output>
  <suite name="Default suite" duration-ms="10876" started-at="2017-11-29T12:22:54Z" finished-at="2017-11-29T12:23:05Z">
    <groups>
    </groups>
    <test name="Default test" duration-ms="10876" started-at="2017-11-29T12:22:54Z" finished-at="2017-11-29T12:23:05Z">
      <class name="com.samaya.qa.testcases.organisation.EmployeesPageTest">
        <test-method status="PASS" signature="setUp()[pri:0, instance:com.samaya.qa.testcases.organisation.EmployeesPageTest@198378d]" name="setUp" is-config="true" duration-ms="25834" started-at="2017-11-29T17:52:28Z" finished-at="2017-11-29T17:52:54Z">
          <reporter-output>
          </reporter-output>
        </test-method> <!-- setUp -->
        <test-method status="FAIL" signature="verifyEmployeeButton()[pri:1, instance:com.samaya.qa.testcases.organisation.EmployeesPageTest@198378d]" name="verifyEmployeeButton" duration-ms="10843" started-at="2017-11-29T17:52:54Z" finished-at="2017-11-29T17:53:05Z">
          <exception class="org.openqa.selenium.WebDriverException">
            <message>
              <![CDATA[Element is not clickable at point (787.3333129882812, 618.1500244140625). Other element would receive the click: <app-employee-detail style="position: fixed; top: 0px; left: 0px; right: 0px; bottom: 0px; background-color: rgba(0, 0, 0, 0.8); z-index: 99;" class="ng-tns-c19-0 ng-trigger ng-trigger-slideInOutAnimation" _nghost-c19=""></app-employee-detail>
Command duration or timeout: 124 milliseconds
Build info: version: '2.53.0', revision: '35ae25b1534ae328c771e0856c93e187490ca824', time: '2016-03-15 10:43:46'
System info: host: 'securax2', ip: '192.168.117.2', os.name: 'Windows 8.1', os.arch: 'x86', os.version: '6.3', java.version: '1.8.0_91'
Driver info: org.openqa.selenium.firefox.FirefoxDriver
Capabilities [{applicationCacheEnabled=true, rotatable=false, handlesAlerts=true, databaseEnabled=true, version=45.0.2, platform=WINDOWS, nativeEvents=false, acceptSslCerts=true, webStorageEnabled=true, locationContextEnabled=true, browserName=firefox, takesScreenshot=true, javascriptEnabled=true, cssSelectorsEnabled=true}]
Session ID: f4642373-131f-4a55-9168-d2133388a1cb]]>
            </message>
            <full-stacktrace>
              <![CDATA[org.openqa.selenium.WebDriverException: Element is not clickable at point (787.3333129882812, 618.1500244140625). Other element would receive the click: <app-employee-detail style="position: fixed; top: 0px; left: 0px; right: 0px; bottom: 0px; background-color: rgba(0, 0, 0, 0.8); z-index: 99;" class="ng-tns-c19-0 ng-trigger ng-trigger-slideInOutAnimation" _nghost-c19=""></app-employee-detail>
Command duration or timeout: 124 milliseconds
Build info: version: '2.53.0', revision: '35ae25b1534ae328c771e0856c93e187490ca824', time: '2016-03-15 10:43:46'
System info: host: 'securax2', ip: '192.168.117.2', os.name: 'Windows 8.1', os.arch: 'x86', os.version: '6.3', java.version: '1.8.0_91'
Driver info: org.openqa.selenium.firefox.FirefoxDriver
Capabilities [{applicationCacheEnabled=true, rotatable=false, handlesAlerts=true, databaseEnabled=true, version=45.0.2, platform=WINDOWS, nativeEvents=false, acceptSslCerts=true, webStorageEnabled=true, locationContextEnabled=true, browserName=firefox, takesScreenshot=true, javascriptEnabled=true, cssSelectorsEnabled=true}]
Session ID: f4642373-131f-4a55-9168-d2133388a1cb
	at sun.reflect.NativeConstructorAccessorImpl.newInstance0(Native Method)
	at sun.reflect.NativeConstructorAccessorImpl.newInstance(Unknown Source)
	at sun.reflect.DelegatingConstructorAccessorImpl.newInstance(Unknown Source)
	at java.lang.reflect.Constructor.newInstance(Unknown Source)
	at org.openqa.selenium.remote.ErrorHandler.createThrowable(ErrorHandler.java:206)
	at org.openqa.selenium.remote.ErrorHandler.throwIfResponseFailed(ErrorHandler.java:158)
	at org.openqa.selenium.remote.RemoteWebDriver.execute(RemoteWebDriver.java:678)
	at org.openqa.selenium.remote.RemoteWebElement.execute(RemoteWebElement.java:327)
	at org.openqa.selenium.remote.RemoteWebElement.click(RemoteWebElement.java:85)
	at com.samaya.qa.pages.organisation.EmployeesPage.selectAffiliateFromDropDown(EmployeesPage.java:123)
	at com.samaya.qa.testcases.organisation.EmployeesPageTest.verifyEmployeeButton(EmployeesPageTest.java:55)
	at sun.reflect.NativeMethodAccessorImpl.invoke0(Native Method)
	at sun.reflect.NativeMethodAccessorImpl.invoke(Unknown Source)
	at sun.reflect.DelegatingMethodAccessorImpl.invoke(Unknown Source)
	at java.lang.reflect.Method.invoke(Unknown Source)
	at org.testng.internal.MethodInvocationHelper.invokeMethod(MethodInvocationHelper.java:108)
	at org.testng.internal.Invoker.invokeMethod(Invoker.java:661)
	at org.testng.internal.Invoker.invokeTestMethod(Invoker.java:869)
	at org.testng.internal.Invoker.invokeTestMethods(Invoker.java:1193)
	at org.testng.internal.TestMethodWorker.invokeTestMethods(TestMethodWorker.java:126)
	at org.testng.internal.TestMethodWorker.run(TestMethodWorker.java:109)
	at org.testng.TestRunner.privateRun(TestRunner.java:744)
	at org.testng.TestRunner.run(TestRunner.java:602)
	at org.testng.SuiteRunner.runTest(SuiteRunner.java:380)
	at org.testng.SuiteRunner.runSequentially(SuiteRunner.java:375)
	at org.testng.SuiteRunner.privateRun(SuiteRunner.java:340)
	at org.testng.SuiteRunner.run(SuiteRunner.java:289)
	at org.testng.SuiteRunnerWorker.runSuite(SuiteRunnerWorker.java:52)
	at org.testng.SuiteRunnerWorker.run(SuiteRunnerWorker.java:86)
	at org.testng.TestNG.runSuitesSequentially(TestNG.java:1301)
	at org.testng.TestNG.runSuitesLocally(TestNG.java:1226)
	at org.testng.TestNG.runSuites(TestNG.java:1144)
	at org.testng.TestNG.run(TestNG.java:1115)
	at org.testng.remote.AbstractRemoteTestNG.run(AbstractRemoteTestNG.java:114)
	at org.testng.remote.RemoteTestNG.initAndRun(RemoteTestNG.java:251)
	at org.testng.remote.RemoteTestNG.main(RemoteTestNG.java:77)
]]>
            </full-stacktrace>
          </exception> <!-- org.openqa.selenium.WebDriverException -->
          <reporter-output>
          </reporter-output>
        </test-method> <!-- verifyEmployeeButton -->
      </class> <!-- com.samaya.qa.testcases.organisation.EmployeesPageTest -->
    </test> <!-- Default test -->
  </suite> <!-- Default suite -->
</testng-results>
