<?xml version="1.0" encoding="UTF-8"?>
<testng-results skipped="1" failed="0" ignored="10" total="37" passed="26">
  <reporter-output>
  </reporter-output>
  <suite name="Suite" duration-ms="257169" started-at="2017-11-23T12:40:51Z" finished-at="2017-11-23T12:45:09Z">
    <groups>
    </groups>
    <test name="Test1" duration-ms="257169" started-at="2017-11-23T12:40:51Z" finished-at="2017-11-23T12:45:09Z">
      <class name="com.samaya.qa.testcases.DesignationPageTest">
        <test-method status="PASS" signature="verifyDesignationPage()[pri:7, instance:com.samaya.qa.testcases.DesignationPageTest@4edc67]" name="verifyDesignationPage" duration-ms="5002" started-at="2017-11-23T18:12:01Z" finished-at="2017-11-23T18:12:06Z">
          <reporter-output>
          </reporter-output>
        </test-method> <!-- verifyDesignationPage -->
        <test-method status="PASS" signature="validateDesign(java.lang.String)[pri:8, instance:com.samaya.qa.testcases.DesignationPageTest@4edc67]" name="validateDesign" duration-ms="5930" started-at="2017-11-23T18:12:06Z" data-provider="getData" finished-at="2017-11-23T18:12:12Z">
          <params>
            <param index="0">
              <value>
                <![CDATA[testDesign1]]>
              </value>
            </param>
          </params>
          <reporter-output>
          </reporter-output>
        </test-method> <!-- validateDesign -->
        <test-method status="PASS" signature="validateDesign(java.lang.String)[pri:8, instance:com.samaya.qa.testcases.DesignationPageTest@4edc67]" name="validateDesign" duration-ms="5945" started-at="2017-11-23T18:12:12Z" data-provider="getData" finished-at="2017-11-23T18:12:17Z">
          <params>
            <param index="0">
              <value>
                <![CDATA[testDesign2]]>
              </value>
            </param>
          </params>
          <reporter-output>
          </reporter-output>
        </test-method> <!-- validateDesign -->
        <test-method status="PASS" signature="validateDesign(java.lang.String)[pri:8, instance:com.samaya.qa.testcases.DesignationPageTest@4edc67]" name="validateDesign" duration-ms="6008" started-at="2017-11-23T18:12:17Z" data-provider="getData" finished-at="2017-11-23T18:12:23Z">
          <params>
            <param index="0">
              <value>
                <![CDATA[testDesign3]]>
              </value>
            </param>
          </params>
          <reporter-output>
          </reporter-output>
        </test-method> <!-- validateDesign -->
        <test-method status="PASS" signature="validateDesign(java.lang.String)[pri:8, instance:com.samaya.qa.testcases.DesignationPageTest@4edc67]" name="validateDesign" duration-ms="6016" started-at="2017-11-23T18:12:23Z" data-provider="getData" finished-at="2017-11-23T18:12:29Z">
          <params>
            <param index="0">
              <value>
                <![CDATA[testDesign4]]>
              </value>
            </param>
          </params>
          <reporter-output>
          </reporter-output>
        </test-method> <!-- validateDesign -->
        <test-method status="PASS" signature="logoutDesignScreen()[pri:9, instance:com.samaya.qa.testcases.DesignationPageTest@4edc67]" name="logoutDesignScreen" duration-ms="2319" started-at="2017-11-23T18:12:29Z" finished-at="2017-11-23T18:12:32Z">
          <reporter-output>
          </reporter-output>
        </test-method> <!-- logoutDesignScreen -->
        <test-method status="PASS" signature="logout()[pri:0, instance:com.samaya.qa.testcases.DesignationPageTest@4edc67]" name="logout" is-config="true" duration-ms="13748" started-at="2017-11-23T18:12:32Z" finished-at="2017-11-23T18:12:46Z">
          <reporter-output>
          </reporter-output>
        </test-method> <!-- logout -->
      </class> <!-- com.samaya.qa.testcases.DesignationPageTest -->
      <class name="com.samaya.qa.testcases.DepartmentpageTest">
        <test-method status="PASS" signature="verifyDepartmentPage()[pri:4, instance:com.samaya.qa.testcases.DepartmentpageTest@70fda8]" name="verifyDepartmentPage" duration-ms="5628" started-at="2017-11-23T18:11:39Z" finished-at="2017-11-23T18:11:44Z">
          <reporter-output>
          </reporter-output>
        </test-method> <!-- verifyDepartmentPage -->
        <test-method status="SKIP" signature="validateDepartment(java.lang.String)[pri:5, instance:com.samaya.qa.testcases.DepartmentpageTest@70fda8]" name="validateDepartment" duration-ms="0" started-at="2017-11-23T18:11:44Z" data-provider="getData" finished-at="2017-11-23T18:11:44Z">
          <exception class="java.lang.RuntimeException">
            <message>
              <![CDATA[java.lang.NullPointerException]]>
            </message>
            <full-stacktrace>
              <![CDATA[java.lang.RuntimeException: java.lang.NullPointerException
	at org.testng.internal.MethodInvocationHelper.invokeMethodNoCheckedException(MethodInvocationHelper.java:49)
	at org.testng.internal.MethodInvocationHelper.invokeDataProvider(MethodInvocationHelper.java:115)
	at org.testng.internal.Parameters.handleParameters(Parameters.java:509)
	at org.testng.internal.Invoker.handleParameters(Invoker.java:1308)
	at org.testng.internal.Invoker.createParameters(Invoker.java:1036)
	at org.testng.internal.Invoker.invokeTestMethods(Invoker.java:1126)
	at org.testng.internal.TestMethodWorker.invokeTestMethods(TestMethodWorker.java:126)
	at org.testng.internal.TestMethodWorker.run(TestMethodWorker.java:109)
	at org.testng.TestRunner.privateRun(TestRunner.java:744)
	at org.testng.TestRunner.run(TestRunner.java:602)
	at org.testng.SuiteRunner.runTest(SuiteRunner.java:380)
	at org.testng.SuiteRunner.runSequentially(SuiteRunner.java:375)
	at org.testng.SuiteRunner.privateRun(SuiteRunner.java:340)
	at org.testng.SuiteRunner.run(SuiteRunner.java:289)
	at org.testng.SuiteRunnerWorker.runSuite(SuiteRunnerWorker.java:52)
	at org.testng.SuiteRunnerWorker.run(SuiteRunnerWorker.java:86)
	at org.testng.TestNG.runSuitesSequentially(TestNG.java:1301)
	at org.testng.TestNG.runSuitesLocally(TestNG.java:1226)
	at org.testng.TestNG.runSuites(TestNG.java:1144)
	at org.testng.TestNG.run(TestNG.java:1115)
	at org.testng.remote.AbstractRemoteTestNG.run(AbstractRemoteTestNG.java:114)
	at org.testng.remote.RemoteTestNG.initAndRun(RemoteTestNG.java:251)
	at org.testng.remote.RemoteTestNG.main(RemoteTestNG.java:77)
Caused by: java.lang.NullPointerException
	at com.samaya.qa.util.TestUtil.getTestData(TestUtil.java:104)
	at com.samaya.qa.testcases.DepartmentpageTest.getData(DepartmentpageTest.java:52)
	at sun.reflect.NativeMethodAccessorImpl.invoke0(Native Method)
	at sun.reflect.NativeMethodAccessorImpl.invoke(Unknown Source)
	at sun.reflect.DelegatingMethodAccessorImpl.invoke(Unknown Source)
	at java.lang.reflect.Method.invoke(Unknown Source)
	at org.testng.internal.MethodInvocationHelper.invokeMethod(MethodInvocationHelper.java:108)
	at org.testng.internal.MethodInvocationHelper.invokeMethod(MethodInvocationHelper.java:55)
	at org.testng.internal.MethodInvocationHelper.invokeMethodNoCheckedException(MethodInvocationHelper.java:45)
	... 22 more
]]>
            </full-stacktrace>
          </exception> <!-- java.lang.RuntimeException -->
          <reporter-output>
          </reporter-output>
        </test-method> <!-- validateDepartment -->
        <test-method status="PASS" signature="logoutDepartmentScreen()[pri:6, instance:com.samaya.qa.testcases.DepartmentpageTest@70fda8]" name="logoutDepartmentScreen" duration-ms="2326" started-at="2017-11-23T18:11:44Z" finished-at="2017-11-23T18:11:47Z">
          <reporter-output>
          </reporter-output>
        </test-method> <!-- logoutDepartmentScreen -->
        <test-method status="PASS" signature="logout()[pri:0, instance:com.samaya.qa.testcases.DepartmentpageTest@70fda8]" name="logout" is-config="true" duration-ms="13907" started-at="2017-11-23T18:11:47Z" finished-at="2017-11-23T18:12:01Z">
          <reporter-output>
          </reporter-output>
        </test-method> <!-- logout -->
      </class> <!-- com.samaya.qa.testcases.DepartmentpageTest -->
      <class name="com.samaya.qa.testcases.AffiliatePageTest">
        <test-method status="PASS" signature="setUp()[pri:0, instance:com.samaya.qa.testcases.AffiliatePageTest@be92ad]" name="setUp" is-config="true" duration-ms="24915" started-at="2017-11-23T18:10:26Z" finished-at="2017-11-23T18:10:51Z">
          <reporter-output>
          </reporter-output>
        </test-method> <!-- setUp -->
        <test-method status="PASS" signature="login()[pri:0, instance:com.samaya.qa.testcases.AffiliatePageTest@be92ad]" name="login" is-config="true" duration-ms="1790" started-at="2017-11-23T18:10:51Z" finished-at="2017-11-23T18:10:53Z">
          <reporter-output>
          </reporter-output>
        </test-method> <!-- login -->
        <test-method status="PASS" signature="verifyAffilitePage()[pri:1, instance:com.samaya.qa.testcases.AffiliatePageTest@be92ad]" name="verifyAffilitePage" duration-ms="3150" started-at="2017-11-23T18:10:53Z" finished-at="2017-11-23T18:10:56Z">
          <reporter-output>
          </reporter-output>
        </test-method> <!-- verifyAffilitePage -->
        <test-method status="PASS" signature="validateCreateAffiliate(java.lang.String, java.lang.String, java.lang.String)[pri:2, instance:com.samaya.qa.testcases.AffiliatePageTest@be92ad]" name="validateCreateAffiliate" duration-ms="8957" started-at="2017-11-23T18:10:57Z" data-provider="getData" finished-at="2017-11-23T18:11:06Z">
          <params>
            <param index="0">
              <value>
                <![CDATA[testAffiliateexcel1211]]>
              </value>
            </param>
            <param index="1">
              <value>
                <![CDATA[1234564783901]]>
              </value>
            </param>
            <param index="2">
              <value>
                <![CDATA[Bangalore]]>
              </value>
            </param>
          </params>
          <reporter-output>
          </reporter-output>
        </test-method> <!-- validateCreateAffiliate -->
        <test-method status="PASS" signature="validateCreateAffiliate(java.lang.String, java.lang.String, java.lang.String)[pri:2, instance:com.samaya.qa.testcases.AffiliatePageTest@be92ad]" name="validateCreateAffiliate" duration-ms="7800" started-at="2017-11-23T18:11:06Z" data-provider="getData" finished-at="2017-11-23T18:11:14Z">
          <params>
            <param index="0">
              <value>
                <![CDATA[testAffiliateexcel2111]]>
              </value>
            </param>
            <param index="1">
              <value>
                <![CDATA[12345657893901]]>
              </value>
            </param>
            <param index="2">
              <value>
                <![CDATA[Bangalore]]>
              </value>
            </param>
          </params>
          <reporter-output>
          </reporter-output>
        </test-method> <!-- validateCreateAffiliate -->
        <test-method status="PASS" signature="validateCreateAffiliate(java.lang.String, java.lang.String, java.lang.String)[pri:2, instance:com.samaya.qa.testcases.AffiliatePageTest@be92ad]" name="validateCreateAffiliate" duration-ms="7895" started-at="2017-11-23T18:11:14Z" data-provider="getData" finished-at="2017-11-23T18:11:22Z">
          <params>
            <param index="0">
              <value>
                <![CDATA[testAffiliateexcel3311]]>
              </value>
            </param>
            <param index="1">
              <value>
                <![CDATA[12345667893001]]>
              </value>
            </param>
            <param index="2">
              <value>
                <![CDATA[Bangalore]]>
              </value>
            </param>
          </params>
          <reporter-output>
          </reporter-output>
        </test-method> <!-- validateCreateAffiliate -->
        <test-method status="PASS" signature="closeCreatePage()[pri:3, instance:com.samaya.qa.testcases.AffiliatePageTest@be92ad]" name="closeCreatePage" duration-ms="2576" started-at="2017-11-23T18:11:22Z" finished-at="2017-11-23T18:11:24Z">
          <reporter-output>
          </reporter-output>
        </test-method> <!-- closeCreatePage -->
        <test-method status="PASS" signature="logout()[pri:0, instance:com.samaya.qa.testcases.AffiliatePageTest@be92ad]" name="logout" is-config="true" duration-ms="14054" started-at="2017-11-23T18:11:24Z" finished-at="2017-11-23T18:11:39Z">
          <reporter-output>
          </reporter-output>
        </test-method> <!-- logout -->
        <test-method status="PASS" signature="tearDown()[pri:0, instance:com.samaya.qa.testcases.AffiliatePageTest@be92ad]" name="tearDown" is-config="true" duration-ms="1977" started-at="2017-11-23T18:15:09Z" finished-at="2017-11-23T18:15:11Z">
          <reporter-output>
          </reporter-output>
        </test-method> <!-- tearDown -->
      </class> <!-- com.samaya.qa.testcases.AffiliatePageTest -->
      <class name="com.samaya.qa.testcases.EmpTypePageTest">
        <test-method status="PASS" signature="verifyDesignationPage()[pri:16, instance:com.samaya.qa.testcases.EmpTypePageTest@18355a8]" name="verifyDesignationPage" duration-ms="5402" started-at="2017-11-23T18:14:21Z" finished-at="2017-11-23T18:14:26Z">
          <reporter-output>
          </reporter-output>
        </test-method> <!-- verifyDesignationPage -->
        <test-method status="PASS" signature="validateEmpType(java.lang.String)[pri:17, instance:com.samaya.qa.testcases.EmpTypePageTest@18355a8]" name="validateEmpType" duration-ms="12473" started-at="2017-11-23T18:14:26Z" data-provider="getData" finished-at="2017-11-23T18:14:39Z">
          <params>
            <param index="0">
              <value>
                <![CDATA[Permanent]]>
              </value>
            </param>
          </params>
          <reporter-output>
          </reporter-output>
        </test-method> <!-- validateEmpType -->
        <test-method status="PASS" signature="validateEmpType(java.lang.String)[pri:17, instance:com.samaya.qa.testcases.EmpTypePageTest@18355a8]" name="validateEmpType" duration-ms="12804" started-at="2017-11-23T18:14:39Z" data-provider="getData" finished-at="2017-11-23T18:14:51Z">
          <params>
            <param index="0">
              <value>
                <![CDATA[Temporary]]>
              </value>
            </param>
          </params>
          <reporter-output>
          </reporter-output>
        </test-method> <!-- validateEmpType -->
        <test-method status="PASS" signature="logoutDesignScreen()[pri:18, instance:com.samaya.qa.testcases.EmpTypePageTest@18355a8]" name="logoutDesignScreen" duration-ms="2560" started-at="2017-11-23T18:14:51Z" finished-at="2017-11-23T18:14:54Z">
          <reporter-output>
          </reporter-output>
        </test-method> <!-- logoutDesignScreen -->
        <test-method status="PASS" signature="logout()[pri:0, instance:com.samaya.qa.testcases.EmpTypePageTest@18355a8]" name="logout" is-config="true" duration-ms="14504" started-at="2017-11-23T18:14:54Z" finished-at="2017-11-23T18:15:09Z">
          <reporter-output>
          </reporter-output>
        </test-method> <!-- logout -->
      </class> <!-- com.samaya.qa.testcases.EmpTypePageTest -->
      <class name="com.samaya.qa.testcases.LeaveTypePageTest">
        <test-method status="PASS" signature="verifyManagePage()[pri:13, instance:com.samaya.qa.testcases.LeaveTypePageTest@d56d67]" name="verifyManagePage" duration-ms="5780" started-at="2017-11-23T18:13:33Z" finished-at="2017-11-23T18:13:39Z">
          <reporter-output>
          </reporter-output>
        </test-method> <!-- verifyManagePage -->
        <test-method status="PASS" signature="validateLeaveType(java.lang.String, java.lang.String)[pri:14, instance:com.samaya.qa.testcases.LeaveTypePageTest@d56d67]" name="validateLeaveType" duration-ms="12749" started-at="2017-11-23T18:13:39Z" data-provider="getData" finished-at="2017-11-23T18:13:52Z">
          <params>
            <param index="0">
              <value>
                <![CDATA[Casual Leave]]>
              </value>
            </param>
            <param index="1">
              <value>
                <![CDATA[CL]]>
              </value>
            </param>
          </params>
          <reporter-output>
          </reporter-output>
        </test-method> <!-- validateLeaveType -->
        <test-method status="PASS" signature="validateLeaveType(java.lang.String, java.lang.String)[pri:14, instance:com.samaya.qa.testcases.LeaveTypePageTest@d56d67]" name="validateLeaveType" duration-ms="12426" started-at="2017-11-23T18:13:52Z" data-provider="getData" finished-at="2017-11-23T18:14:04Z">
          <params>
            <param index="0">
              <value>
                <![CDATA[Sick Leave]]>
              </value>
            </param>
            <param index="1">
              <value>
                <![CDATA[SL]]>
              </value>
            </param>
          </params>
          <reporter-output>
          </reporter-output>
        </test-method> <!-- validateLeaveType -->
        <test-method status="PASS" signature="logoutManageScreen()[pri:15, instance:com.samaya.qa.testcases.LeaveTypePageTest@d56d67]" name="logoutManageScreen" duration-ms="2401" started-at="2017-11-23T18:14:04Z" finished-at="2017-11-23T18:14:07Z">
          <reporter-output>
          </reporter-output>
        </test-method> <!-- logoutManageScreen -->
        <test-method status="PASS" signature="logout()[pri:0, instance:com.samaya.qa.testcases.LeaveTypePageTest@d56d67]" name="logout" is-config="true" duration-ms="13957" started-at="2017-11-23T18:14:07Z" finished-at="2017-11-23T18:14:21Z">
          <reporter-output>
          </reporter-output>
        </test-method> <!-- logout -->
      </class> <!-- com.samaya.qa.testcases.LeaveTypePageTest -->
      <class name="com.samaya.qa.testcases.ManageTagPageTest">
        <test-method status="PASS" signature="verifyManagePage()[pri:10, instance:com.samaya.qa.testcases.ManageTagPageTest@acaea5]" name="verifyManagePage" duration-ms="5135" started-at="2017-11-23T18:12:46Z" finished-at="2017-11-23T18:12:51Z">
          <reporter-output>
          </reporter-output>
        </test-method> <!-- verifyManagePage -->
        <test-method status="PASS" signature="validateManageTag(java.lang.String, java.lang.String)[pri:11, instance:com.samaya.qa.testcases.ManageTagPageTest@acaea5]" name="validateManageTag" duration-ms="8655" started-at="2017-11-23T18:12:51Z" data-provider="getData" finished-at="2017-11-23T18:12:59Z">
          <params>
            <param index="0">
              <value>
                <![CDATA[TestExcel1]]>
              </value>
            </param>
            <param index="1">
              <value>
                <![CDATA[ExcelTest1]]>
              </value>
            </param>
          </params>
          <reporter-output>
          </reporter-output>
        </test-method> <!-- validateManageTag -->
        <test-method status="PASS" signature="validateManageTag(java.lang.String, java.lang.String)[pri:11, instance:com.samaya.qa.testcases.ManageTagPageTest@acaea5]" name="validateManageTag" duration-ms="8731" started-at="2017-11-23T18:12:59Z" data-provider="getData" finished-at="2017-11-23T18:13:08Z">
          <params>
            <param index="0">
              <value>
                <![CDATA[TestExcel2]]>
              </value>
            </param>
            <param index="1">
              <value>
                <![CDATA[ExcelTest2]]>
              </value>
            </param>
          </params>
          <reporter-output>
          </reporter-output>
        </test-method> <!-- validateManageTag -->
        <test-method status="PASS" signature="validateManageTag(java.lang.String, java.lang.String)[pri:11, instance:com.samaya.qa.testcases.ManageTagPageTest@acaea5]" name="validateManageTag" duration-ms="8618" started-at="2017-11-23T18:13:08Z" data-provider="getData" finished-at="2017-11-23T18:13:17Z">
          <params>
            <param index="0">
              <value>
                <![CDATA[TestExcel3]]>
              </value>
            </param>
            <param index="1">
              <value>
                <![CDATA[ExcelTest3]]>
              </value>
            </param>
          </params>
          <reporter-output>
          </reporter-output>
        </test-method> <!-- validateManageTag -->
        <test-method status="PASS" signature="logoutManageScreen()[pri:12, instance:com.samaya.qa.testcases.ManageTagPageTest@acaea5]" name="logoutManageScreen" duration-ms="2490" started-at="2017-11-23T18:13:17Z" finished-at="2017-11-23T18:13:19Z">
          <reporter-output>
          </reporter-output>
        </test-method> <!-- logoutManageScreen -->
        <test-method status="PASS" signature="logout()[pri:0, instance:com.samaya.qa.testcases.ManageTagPageTest@acaea5]" name="logout" is-config="true" duration-ms="14131" started-at="2017-11-23T18:13:19Z" finished-at="2017-11-23T18:13:33Z">
          <reporter-output>
          </reporter-output>
        </test-method> <!-- logout -->
      </class> <!-- com.samaya.qa.testcases.ManageTagPageTest -->
    </test> <!-- Test1 -->
  </suite> <!-- Suite -->
</testng-results>
