<?xml version="1.0" encoding="UTF-8"?>
<testng-results skipped="0" failed="0" ignored="0" total="1" passed="1">
  <reporter-output>
  </reporter-output>
  <suite name="Default suite" duration-ms="22002" started-at="2017-11-29T17:04:52Z" finished-at="2017-11-29T17:05:14Z">
    <groups>
    </groups>
    <test name="Default test" duration-ms="22002" started-at="2017-11-29T17:04:52Z" finished-at="2017-11-29T17:05:14Z">
      <class name="com.samaya.qa.testcases.organisation.EmployeesPageTest">
        <test-method status="PASS" signature="setUp()[pri:0, instance:com.samaya.qa.testcases.organisation.EmployeesPageTest@198378d]" name="setUp" is-config="true" duration-ms="25809" started-at="2017-11-29T22:34:26Z" finished-at="2017-11-29T22:34:52Z">
          <reporter-output>
          </reporter-output>
        </test-method> <!-- setUp -->
        <test-method status="PASS" signature="verifyEmployeeButton()[pri:1, instance:com.samaya.qa.testcases.organisation.EmployeesPageTest@198378d]" name="verifyEmployeeButton" duration-ms="21984" started-at="2017-11-29T22:34:52Z" finished-at="2017-11-29T22:35:14Z">
          <reporter-output>
          </reporter-output>
        </test-method> <!-- verifyEmployeeButton -->
      </class> <!-- com.samaya.qa.testcases.organisation.EmployeesPageTest -->
    </test> <!-- Default test -->
  </suite> <!-- Default suite -->
</testng-results>
