<?xml version="1.0" encoding="UTF-8"?>
<testng-results skipped="0" failed="0" ignored="0" total="6" passed="6">
  <reporter-output>
  </reporter-output>
  <suite name="Default suite" duration-ms="47289" started-at="2017-11-23T06:03:22Z" finished-at="2017-11-23T06:04:09Z">
    <groups>
    </groups>
    <test name="Default test" duration-ms="47289" started-at="2017-11-23T06:03:22Z" finished-at="2017-11-23T06:04:09Z">
      <class name="com.samaya.qa.testcases.DesignationPageTest">
        <test-method status="PASS" signature="setUp()[pri:0, instance:com.samaya.qa.testcases.DesignationPageTest@bd1b6a]" name="setUp" is-config="true" duration-ms="25388" started-at="2017-11-23T11:32:56Z" finished-at="2017-11-23T11:33:22Z">
          <reporter-output>
          </reporter-output>
        </test-method> <!-- setUp -->
        <test-method status="PASS" signature="verifyDesignationPage()[pri:7, instance:com.samaya.qa.testcases.DesignationPageTest@bd1b6a]" name="verifyDesignationPage" duration-ms="5720" started-at="2017-11-23T11:33:22Z" finished-at="2017-11-23T11:33:28Z">
          <reporter-output>
          </reporter-output>
        </test-method> <!-- verifyDesignationPage -->
        <test-method status="PASS" signature="validateDepartment(java.lang.String)[pri:8, instance:com.samaya.qa.testcases.DesignationPageTest@bd1b6a]" name="validateDepartment" duration-ms="6150" started-at="2017-11-23T11:33:28Z" data-provider="getData" finished-at="2017-11-23T11:33:35Z">
          <params>
            <param index="0">
              <value>
                <![CDATA[testDesign1]]>
              </value>
            </param>
          </params>
          <reporter-output>
          </reporter-output>
        </test-method> <!-- validateDepartment -->
        <test-method status="PASS" signature="validateDepartment(java.lang.String)[pri:8, instance:com.samaya.qa.testcases.DesignationPageTest@bd1b6a]" name="validateDepartment" duration-ms="6198" started-at="2017-11-23T11:33:35Z" data-provider="getData" finished-at="2017-11-23T11:33:41Z">
          <params>
            <param index="0">
              <value>
                <![CDATA[testDesign2]]>
              </value>
            </param>
          </params>
          <reporter-output>
          </reporter-output>
        </test-method> <!-- validateDepartment -->
        <test-method status="PASS" signature="validateDepartment(java.lang.String)[pri:8, instance:com.samaya.qa.testcases.DesignationPageTest@bd1b6a]" name="validateDepartment" duration-ms="6067" started-at="2017-11-23T11:33:41Z" data-provider="getData" finished-at="2017-11-23T11:33:47Z">
          <params>
            <param index="0">
              <value>
                <![CDATA[testDesign3]]>
              </value>
            </param>
          </params>
          <reporter-output>
          </reporter-output>
        </test-method> <!-- validateDepartment -->
        <test-method status="PASS" signature="validateDepartment(java.lang.String)[pri:8, instance:com.samaya.qa.testcases.DesignationPageTest@bd1b6a]" name="validateDepartment" duration-ms="6125" started-at="2017-11-23T11:33:47Z" data-provider="getData" finished-at="2017-11-23T11:33:53Z">
          <params>
            <param index="0">
              <value>
                <![CDATA[testDesign4]]>
              </value>
            </param>
          </params>
          <reporter-output>
          </reporter-output>
        </test-method> <!-- validateDepartment -->
        <test-method status="PASS" signature="logoutDepartmentScreen()[pri:9, instance:com.samaya.qa.testcases.DesignationPageTest@bd1b6a]" name="logoutDepartmentScreen" duration-ms="2289" started-at="2017-11-23T11:33:53Z" finished-at="2017-11-23T11:33:55Z">
          <reporter-output>
          </reporter-output>
        </test-method> <!-- logoutDepartmentScreen -->
        <test-method status="PASS" signature="logout()[pri:0, instance:com.samaya.qa.testcases.DesignationPageTest@bd1b6a]" name="logout" is-config="true" duration-ms="13754" started-at="2017-11-23T11:33:55Z" finished-at="2017-11-23T11:34:09Z">
          <reporter-output>
          </reporter-output>
        </test-method> <!-- logout -->
        <test-method status="PASS" signature="tearDown()[pri:0, instance:com.samaya.qa.testcases.DesignationPageTest@bd1b6a]" name="tearDown" is-config="true" duration-ms="1913" started-at="2017-11-23T11:34:09Z" finished-at="2017-11-23T11:34:11Z">
          <reporter-output>
          </reporter-output>
        </test-method> <!-- tearDown -->
      </class> <!-- com.samaya.qa.testcases.DesignationPageTest -->
    </test> <!-- Default test -->
  </suite> <!-- Default suite -->
</testng-results>
