<?xml version="1.0" encoding="UTF-8"?>
<testng-results skipped="0" failed="0" ignored="0" total="2" passed="2">
  <reporter-output>
  </reporter-output>
  <suite name="Default suite" duration-ms="64338" started-at="2018-03-02T08:27:43Z" finished-at="2018-03-02T08:28:47Z">
    <groups>
    </groups>
    <test name="Default test" duration-ms="64338" started-at="2018-03-02T08:27:43Z" finished-at="2018-03-02T08:28:47Z">
      <class name="com.samaya.qa.testcases.transactions.OnDutyPageTest">
        <test-method status="PASS" signature="setUp()[pri:0, instance:com.samaya.qa.testcases.transactions.OnDutyPageTest@be92ad]" name="setUp" is-config="true" duration-ms="20052" started-at="2018-03-02T13:57:23Z" finished-at="2018-03-02T13:57:43Z">
          <reporter-output>
          </reporter-output>
        </test-method> <!-- setUp -->
        <test-method status="PASS" signature="login()[pri:0, instance:com.samaya.qa.testcases.transactions.OnDutyPageTest@be92ad]" name="login" is-config="true" duration-ms="908" started-at="2018-03-02T13:57:43Z" finished-at="2018-03-02T13:57:44Z">
          <reporter-output>
          </reporter-output>
        </test-method> <!-- login -->
        <test-method status="PASS" signature="approveandWithdrawODByHRorAdmins()[pri:1, instance:com.samaya.qa.testcases.transactions.OnDutyPageTest@be92ad]" name="approveandWithdrawODByHRorAdmins" duration-ms="39734" started-at="2018-03-02T13:57:44Z" description="Employee -&gt; HR/Admin-&gt; HR/Admin(Approving and Withdrawing application by HR/Admin)" finished-at="2018-03-02T13:58:24Z">
          <reporter-output>
          </reporter-output>
        </test-method> <!-- approveandWithdrawODByHRorAdmins -->
        <test-method status="PASS" signature="login()[pri:0, instance:com.samaya.qa.testcases.transactions.OnDutyPageTest@be92ad]" name="login" is-config="true" duration-ms="669" started-at="2018-03-02T13:58:24Z" finished-at="2018-03-02T13:58:24Z">
          <reporter-output>
          </reporter-output>
        </test-method> <!-- login -->
        <test-method status="PASS" signature="approveandDeclneODByHRorAdmins()[pri:2, instance:com.samaya.qa.testcases.transactions.OnDutyPageTest@be92ad]" name="approveandDeclneODByHRorAdmins" duration-ms="22987" started-at="2018-03-02T13:58:24Z" description="Employee -&gt; HR/Admin-&gt; HR/Admin(Approving and declining application by 2ndlevelHR/Admin)" finished-at="2018-03-02T13:58:47Z">
          <reporter-output>
          </reporter-output>
        </test-method> <!-- approveandDeclneODByHRorAdmins -->
      </class> <!-- com.samaya.qa.testcases.transactions.OnDutyPageTest -->
    </test> <!-- Default test -->
  </suite> <!-- Default suite -->
</testng-results>
