<?xml version="1.0" encoding="UTF-8"?>
<testng-results skipped="0" failed="0" ignored="0" total="1" passed="1">
  <reporter-output>
  </reporter-output>
  <suite name="Default suite" duration-ms="42505" started-at="2017-12-08T08:58:14Z" finished-at="2017-12-08T08:58:57Z">
    <groups>
    </groups>
    <test name="Default test" duration-ms="42505" started-at="2017-12-08T08:58:14Z" finished-at="2017-12-08T08:58:57Z">
      <class name="com.samaya.qa.testcases.policymanagement.TestCompOffPolicy">
        <test-method status="PASS" signature="setUp()[pri:0, instance:com.samaya.qa.testcases.policymanagement.TestCompOffPolicy@1057a39]" name="setUp" is-config="true" duration-ms="24453" started-at="2017-12-08T14:27:50Z" finished-at="2017-12-08T14:28:14Z">
          <reporter-output>
          </reporter-output>
        </test-method> <!-- setUp -->
        <test-method status="PASS" signature="verifyPresenceOnNonWorkingDayswithoutUsingPrior()[pri:0, instance:com.samaya.qa.testcases.policymanagement.TestCompOffPolicy@1057a39]" name="verifyPresenceOnNonWorkingDayswithoutUsingPrior" duration-ms="42489" started-at="2017-12-08T14:28:14Z" finished-at="2017-12-08T14:28:57Z">
          <reporter-output>
          </reporter-output>
        </test-method> <!-- verifyPresenceOnNonWorkingDayswithoutUsingPrior -->
      </class> <!-- com.samaya.qa.testcases.policymanagement.TestCompOffPolicy -->
    </test> <!-- Default test -->
  </suite> <!-- Default suite -->
</testng-results>
